[0.777s] Invoking command in '/workspaces/codespace/ros2/project/tutorial/build/examples_rclcpp_minimal_publisher': AMENT_PREFIX_PATH=/workspaces/codespace/ros2/project/tutorial/install/examples_rclcpp_minimal_publisher CMAKE_PREFIX_PATH=/workspaces/codespace/ros2/project/tutorial/install/examples_rclcpp_minimal_publisher /usr/bin/ctest -C Release -D ExperimentalTest --no-compress-output -V --force-new-ctest-process
[0.859s] UpdateCTestConfiguration  from :/workspaces/codespace/ros2/project/tutorial/build/examples_rclcpp_minimal_publisher/CTestConfiguration.ini
[0.859s] Parse Config file:/workspaces/codespace/ros2/project/tutorial/build/examples_rclcpp_minimal_publisher/CTestConfiguration.ini
[0.859s]    Site: creeper5820-A7S
[0.859s]    Build name: (empty)
[0.860s]  Add coverage exclude regular expressions.
[0.860s] Create new tag: 20240313-1147 - Experimental
[0.860s] UpdateCTestConfiguration  from :/workspaces/codespace/ros2/project/tutorial/build/examples_rclcpp_minimal_publisher/CTestConfiguration.ini
[0.860s] Parse Config file:/workspaces/codespace/ros2/project/tutorial/build/examples_rclcpp_minimal_publisher/CTestConfiguration.ini
[0.860s] Test project /workspaces/codespace/ros2/project/tutorial/build/examples_rclcpp_minimal_publisher
[0.860s] Constructing a list of tests
[0.860s] Done constructing a list of tests
[0.860s] Updating test list for fixtures
[0.860s] Added 0 tests to meet fixture requirements
[0.860s] Checking test dependency graph...
[0.861s] Checking test dependency graph end
[0.861s] test 1
[0.861s]     Start 1: copyright
[0.861s] 
[0.861s] 1: Test command: /usr/bin/python3 "-u" "/opt/ros/humble/share/ament_cmake_test/cmake/run_test.py" "/workspaces/codespace/ros2/project/tutorial/build/examples_rclcpp_minimal_publisher/test_results/examples_rclcpp_minimal_publisher/copyright.xunit.xml" "--package-name" "examples_rclcpp_minimal_publisher" "--output-file" "/workspaces/codespace/ros2/project/tutorial/build/examples_rclcpp_minimal_publisher/ament_copyright/copyright.txt" "--command" "/opt/ros/humble/bin/ament_copyright" "--xunit-file" "/workspaces/codespace/ros2/project/tutorial/build/examples_rclcpp_minimal_publisher/test_results/examples_rclcpp_minimal_publisher/copyright.xunit.xml"
[0.861s] 1: Test timeout computed to be: 200
[0.861s] 1: Traceback (most recent call last):
[0.861s] 1:   File "/opt/ros/humble/share/ament_cmake_test/cmake/run_test.py", line 19, in <module>
[0.861s] 1:     import ament_cmake_test
[0.861s] 1: ModuleNotFoundError: No module named 'ament_cmake_test'
[0.862s] 1/6 Test #1: copyright ........................***Failed    0.02 sec
[0.862s] test 2
[0.862s]     Start 2: cppcheck
[0.863s] 
[0.863s] 2: Test command: /usr/bin/python3 "-u" "/opt/ros/humble/share/ament_cmake_test/cmake/run_test.py" "/workspaces/codespace/ros2/project/tutorial/build/examples_rclcpp_minimal_publisher/test_results/examples_rclcpp_minimal_publisher/cppcheck.xunit.xml" "--package-name" "examples_rclcpp_minimal_publisher" "--output-file" "/workspaces/codespace/ros2/project/tutorial/build/examples_rclcpp_minimal_publisher/ament_cppcheck/cppcheck.txt" "--command" "/opt/ros/humble/bin/ament_cppcheck" "--xunit-file" "/workspaces/codespace/ros2/project/tutorial/build/examples_rclcpp_minimal_publisher/test_results/examples_rclcpp_minimal_publisher/cppcheck.xunit.xml"
[0.863s] 2: Test timeout computed to be: 300
[0.879s] 2: Traceback (most recent call last):
[0.879s] 2:   File "/opt/ros/humble/share/ament_cmake_test/cmake/run_test.py", line 19, in <module>
[0.879s] 2:     import ament_cmake_test
[0.879s] 2: ModuleNotFoundError: No module named 'ament_cmake_test'
[0.899s] 2/6 Test #2: cppcheck .........................***Failed    0.03 sec
[0.899s] test 3
[0.899s]     Start 3: cpplint
[0.900s] 
[0.900s] 3: Test command: /usr/bin/python3 "-u" "/opt/ros/humble/share/ament_cmake_test/cmake/run_test.py" "/workspaces/codespace/ros2/project/tutorial/build/examples_rclcpp_minimal_publisher/test_results/examples_rclcpp_minimal_publisher/cpplint.xunit.xml" "--package-name" "examples_rclcpp_minimal_publisher" "--output-file" "/workspaces/codespace/ros2/project/tutorial/build/examples_rclcpp_minimal_publisher/ament_cpplint/cpplint.txt" "--command" "/opt/ros/humble/bin/ament_cpplint" "--xunit-file" "/workspaces/codespace/ros2/project/tutorial/build/examples_rclcpp_minimal_publisher/test_results/examples_rclcpp_minimal_publisher/cpplint.xunit.xml"
[0.900s] 3: Test timeout computed to be: 120
[0.914s] 3: Traceback (most recent call last):
[0.915s] 3:   File "/opt/ros/humble/share/ament_cmake_test/cmake/run_test.py", line 19, in <module>
[0.915s] 3:     import ament_cmake_test
[0.915s] 3: ModuleNotFoundError: No module named 'ament_cmake_test'
[0.916s] 3/6 Test #3: cpplint ..........................***Failed    0.03 sec
[0.916s] test 4
[0.916s]     Start 4: lint_cmake
[0.917s] 
[0.917s] 4: Test command: /usr/bin/python3 "-u" "/opt/ros/humble/share/ament_cmake_test/cmake/run_test.py" "/workspaces/codespace/ros2/project/tutorial/build/examples_rclcpp_minimal_publisher/test_results/examples_rclcpp_minimal_publisher/lint_cmake.xunit.xml" "--package-name" "examples_rclcpp_minimal_publisher" "--output-file" "/workspaces/codespace/ros2/project/tutorial/build/examples_rclcpp_minimal_publisher/ament_lint_cmake/lint_cmake.txt" "--command" "/opt/ros/humble/bin/ament_lint_cmake" "--xunit-file" "/workspaces/codespace/ros2/project/tutorial/build/examples_rclcpp_minimal_publisher/test_results/examples_rclcpp_minimal_publisher/lint_cmake.xunit.xml"
[0.917s] 4: Test timeout computed to be: 60
[0.926s] 4: Traceback (most recent call last):
[0.926s] 4:   File "/opt/ros/humble/share/ament_cmake_test/cmake/run_test.py", line 19, in <module>
[0.930s] 4:     import ament_cmake_test
[0.930s] 4: ModuleNotFoundError: No module named 'ament_cmake_test'
[0.932s] 4/6 Test #4: lint_cmake .......................***Failed    0.02 sec
[0.932s] test 5
[0.932s]     Start 5: uncrustify
[0.932s] 
[0.932s] 5: Test command: /usr/bin/python3 "-u" "/opt/ros/humble/share/ament_cmake_test/cmake/run_test.py" "/workspaces/codespace/ros2/project/tutorial/build/examples_rclcpp_minimal_publisher/test_results/examples_rclcpp_minimal_publisher/uncrustify.xunit.xml" "--package-name" "examples_rclcpp_minimal_publisher" "--output-file" "/workspaces/codespace/ros2/project/tutorial/build/examples_rclcpp_minimal_publisher/ament_uncrustify/uncrustify.txt" "--command" "/opt/ros/humble/bin/ament_uncrustify" "--xunit-file" "/workspaces/codespace/ros2/project/tutorial/build/examples_rclcpp_minimal_publisher/test_results/examples_rclcpp_minimal_publisher/uncrustify.xunit.xml"
[0.932s] 5: Test timeout computed to be: 60
[0.940s] 5: Traceback (most recent call last):
[0.940s] 5:   File "/opt/ros/humble/share/ament_cmake_test/cmake/run_test.py", line 19, in <module>
[0.941s] 5:     import ament_cmake_test
[0.941s] 5: ModuleNotFoundError: No module named 'ament_cmake_test'
[0.943s] 5/6 Test #5: uncrustify .......................***Failed    0.03 sec
[0.943s] test 6
[0.943s]     Start 6: xmllint
[0.943s] 
[0.943s] 6: Test command: /usr/bin/python3 "-u" "/opt/ros/humble/share/ament_cmake_test/cmake/run_test.py" "/workspaces/codespace/ros2/project/tutorial/build/examples_rclcpp_minimal_publisher/test_results/examples_rclcpp_minimal_publisher/xmllint.xunit.xml" "--package-name" "examples_rclcpp_minimal_publisher" "--output-file" "/workspaces/codespace/ros2/project/tutorial/build/examples_rclcpp_minimal_publisher/ament_xmllint/xmllint.txt" "--command" "/opt/ros/humble/bin/ament_xmllint" "--xunit-file" "/workspaces/codespace/ros2/project/tutorial/build/examples_rclcpp_minimal_publisher/test_results/examples_rclcpp_minimal_publisher/xmllint.xunit.xml"
[0.943s] 6: Test timeout computed to be: 60
[0.953s] 6: Traceback (most recent call last):
[0.953s] 6:   File "/opt/ros/humble/share/ament_cmake_test/cmake/run_test.py", line 19, in <module>
[0.953s] 6:     import ament_cmake_test
[0.953s] 6: ModuleNotFoundError: No module named 'ament_cmake_test'
[0.956s] 6/6 Test #6: xmllint ..........................***Failed    0.03 sec
[0.956s] 
[0.956s] 0% tests passed[0;0m, [0;31m6 tests failed[0;0m out of 6
[0.956s] 
[0.956s] Label Time Summary:
[0.957s] copyright     =   0.02 sec*proc (1 test)
[0.957s] cppcheck      =   0.03 sec*proc (1 test)
[0.957s] cpplint       =   0.03 sec*proc (1 test)
[0.957s] lint_cmake    =   0.02 sec*proc (1 test)
[0.957s] linter        =   0.16 sec*proc (6 tests)
[0.957s] uncrustify    =   0.03 sec*proc (1 test)
[0.957s] xmllint       =   0.03 sec*proc (1 test)
[0.957s] 
[0.957s] Total Test time (real) =   0.16 sec
[0.957s] 
[0.957s] The following tests FAILED:
[0.958s] 	[0;31m  1 - copyright (Failed)[0;0m
[0.958s] 	[0;31m  2 - cppcheck (Failed)[0;0m
[0.958s] 	[0;31m  3 - cpplint (Failed)[0;0m
[0.958s] 	[0;31m  4 - lint_cmake (Failed)[0;0m
[0.958s] 	[0;31m  5 - uncrustify (Failed)[0;0m
[0.958s] 	[0;31m  6 - xmllint (Failed)[0;0m
[0.960s] Errors while running CTest
[0.960s] Output from these tests are in: /workspaces/codespace/ros2/project/tutorial/build/examples_rclcpp_minimal_publisher/Testing/Temporary/LastTest.log
[0.960s] Use "--rerun-failed --output-on-failure" to re-run the failed cases verbosely.
[1.062s] Invoked command in '/workspaces/codespace/ros2/project/tutorial/build/examples_rclcpp_minimal_publisher' returned '8': AMENT_PREFIX_PATH=/workspaces/codespace/ros2/project/tutorial/install/examples_rclcpp_minimal_publisher CMAKE_PREFIX_PATH=/workspaces/codespace/ros2/project/tutorial/install/examples_rclcpp_minimal_publisher /usr/bin/ctest -C Release -D ExperimentalTest --no-compress-output -V --force-new-ctest-process
