[0.799s] Invoking command in '/workspaces/codespace/ros2/project/tutorial/build/examples_rclcpp_minimal_action_server': AMENT_PREFIX_PATH=/workspaces/codespace/ros2/project/tutorial/install/examples_rclcpp_minimal_action_server CMAKE_PREFIX_PATH=/workspaces/codespace/ros2/project/tutorial/install/examples_rclcpp_minimal_action_server /usr/bin/ctest -C Release -D ExperimentalTest --no-compress-output -V --force-new-ctest-process
[0.879s] UpdateCTestConfiguration  from :/workspaces/codespace/ros2/project/tutorial/build/examples_rclcpp_minimal_action_server/CTestConfiguration.ini
[0.879s] Parse Config file:/workspaces/codespace/ros2/project/tutorial/build/examples_rclcpp_minimal_action_server/CTestConfiguration.ini
[0.879s]    Site: creeper5820-A7S
[0.879s]    Build name: (empty)
[0.879s]  Add coverage exclude regular expressions.
[0.879s] Create new tag: 20240313-1147 - Experimental
[0.879s] UpdateCTestConfiguration  from :/workspaces/codespace/ros2/project/tutorial/build/examples_rclcpp_minimal_action_server/CTestConfiguration.ini
[0.879s] Parse Config file:/workspaces/codespace/ros2/project/tutorial/build/examples_rclcpp_minimal_action_server/CTestConfiguration.ini
[0.879s] Test project /workspaces/codespace/ros2/project/tutorial/build/examples_rclcpp_minimal_action_server
[0.880s] Constructing a list of tests
[0.880s] Done constructing a list of tests
[0.880s] Updating test list for fixtures
[0.880s] Added 0 tests to meet fixture requirements
[0.880s] Checking test dependency graph...
[0.881s] Checking test dependency graph end
[0.881s] test 1
[0.882s]     Start 1: copyright
[0.883s] 
[0.883s] 1: Test command: /usr/bin/python3 "-u" "/opt/ros/humble/share/ament_cmake_test/cmake/run_test.py" "/workspaces/codespace/ros2/project/tutorial/build/examples_rclcpp_minimal_action_server/test_results/examples_rclcpp_minimal_action_server/copyright.xunit.xml" "--package-name" "examples_rclcpp_minimal_action_server" "--output-file" "/workspaces/codespace/ros2/project/tutorial/build/examples_rclcpp_minimal_action_server/ament_copyright/copyright.txt" "--command" "/opt/ros/humble/bin/ament_copyright" "--xunit-file" "/workspaces/codespace/ros2/project/tutorial/build/examples_rclcpp_minimal_action_server/test_results/examples_rclcpp_minimal_action_server/copyright.xunit.xml"
[0.883s] 1: Test timeout computed to be: 200
[0.885s] 1: Traceback (most recent call last):
[0.885s] 1:   File "/opt/ros/humble/share/ament_cmake_test/cmake/run_test.py", line 19, in <module>
[0.886s] 1:     import ament_cmake_test
[0.886s] 1: ModuleNotFoundError: No module named 'ament_cmake_test'
[0.887s] 1/6 Test #1: copyright ........................***Failed    0.02 sec
[0.887s] test 2
[0.887s]     Start 2: cppcheck
[0.887s] 
[0.887s] 2: Test command: /usr/bin/python3 "-u" "/opt/ros/humble/share/ament_cmake_test/cmake/run_test.py" "/workspaces/codespace/ros2/project/tutorial/build/examples_rclcpp_minimal_action_server/test_results/examples_rclcpp_minimal_action_server/cppcheck.xunit.xml" "--package-name" "examples_rclcpp_minimal_action_server" "--output-file" "/workspaces/codespace/ros2/project/tutorial/build/examples_rclcpp_minimal_action_server/ament_cppcheck/cppcheck.txt" "--command" "/opt/ros/humble/bin/ament_cppcheck" "--xunit-file" "/workspaces/codespace/ros2/project/tutorial/build/examples_rclcpp_minimal_action_server/test_results/examples_rclcpp_minimal_action_server/cppcheck.xunit.xml"
[0.887s] 2: Test timeout computed to be: 300
[0.931s] 2: Traceback (most recent call last):
[0.931s] 2:   File "/opt/ros/humble/share/ament_cmake_test/cmake/run_test.py", line 19, in <module>
[0.932s] 2:     import ament_cmake_test
[0.932s] 2: ModuleNotFoundError: No module named 'ament_cmake_test'
[0.934s] 2/6 Test #2: cppcheck .........................***Failed    0.04 sec
[0.934s] test 3
[0.934s]     Start 3: cpplint
[0.935s] 
[0.935s] 3: Test command: /usr/bin/python3 "-u" "/opt/ros/humble/share/ament_cmake_test/cmake/run_test.py" "/workspaces/codespace/ros2/project/tutorial/build/examples_rclcpp_minimal_action_server/test_results/examples_rclcpp_minimal_action_server/cpplint.xunit.xml" "--package-name" "examples_rclcpp_minimal_action_server" "--output-file" "/workspaces/codespace/ros2/project/tutorial/build/examples_rclcpp_minimal_action_server/ament_cpplint/cpplint.txt" "--command" "/opt/ros/humble/bin/ament_cpplint" "--xunit-file" "/workspaces/codespace/ros2/project/tutorial/build/examples_rclcpp_minimal_action_server/test_results/examples_rclcpp_minimal_action_server/cpplint.xunit.xml"
[0.935s] 3: Test timeout computed to be: 120
[0.947s] 3: Traceback (most recent call last):
[0.947s] 3:   File "/opt/ros/humble/share/ament_cmake_test/cmake/run_test.py", line 19, in <module>
[0.948s] 3:     import ament_cmake_test
[0.948s] 3: ModuleNotFoundError: No module named 'ament_cmake_test'
[0.952s] 3/6 Test #3: cpplint ..........................***Failed    0.03 sec
[0.952s] test 4
[0.952s]     Start 4: lint_cmake
[0.953s] 
[0.953s] 4: Test command: /usr/bin/python3 "-u" "/opt/ros/humble/share/ament_cmake_test/cmake/run_test.py" "/workspaces/codespace/ros2/project/tutorial/build/examples_rclcpp_minimal_action_server/test_results/examples_rclcpp_minimal_action_server/lint_cmake.xunit.xml" "--package-name" "examples_rclcpp_minimal_action_server" "--output-file" "/workspaces/codespace/ros2/project/tutorial/build/examples_rclcpp_minimal_action_server/ament_lint_cmake/lint_cmake.txt" "--command" "/opt/ros/humble/bin/ament_lint_cmake" "--xunit-file" "/workspaces/codespace/ros2/project/tutorial/build/examples_rclcpp_minimal_action_server/test_results/examples_rclcpp_minimal_action_server/lint_cmake.xunit.xml"
[0.953s] 4: Test timeout computed to be: 60
[0.964s] 4: Traceback (most recent call last):
[0.964s] 4:   File "/opt/ros/humble/share/ament_cmake_test/cmake/run_test.py", line 19, in <module>
[0.964s] 4:     import ament_cmake_test
[0.964s] 4: ModuleNotFoundError: No module named 'ament_cmake_test'
[0.966s] 4/6 Test #4: lint_cmake .......................***Failed    0.03 sec
[0.966s] test 5
[0.967s]     Start 5: uncrustify
[0.967s] 
[0.967s] 5: Test command: /usr/bin/python3 "-u" "/opt/ros/humble/share/ament_cmake_test/cmake/run_test.py" "/workspaces/codespace/ros2/project/tutorial/build/examples_rclcpp_minimal_action_server/test_results/examples_rclcpp_minimal_action_server/uncrustify.xunit.xml" "--package-name" "examples_rclcpp_minimal_action_server" "--output-file" "/workspaces/codespace/ros2/project/tutorial/build/examples_rclcpp_minimal_action_server/ament_uncrustify/uncrustify.txt" "--command" "/opt/ros/humble/bin/ament_uncrustify" "--xunit-file" "/workspaces/codespace/ros2/project/tutorial/build/examples_rclcpp_minimal_action_server/test_results/examples_rclcpp_minimal_action_server/uncrustify.xunit.xml"
[0.967s] 5: Test timeout computed to be: 60
[0.976s] 5: Traceback (most recent call last):
[0.976s] 5:   File "/opt/ros/humble/share/ament_cmake_test/cmake/run_test.py", line 19, in <module>
[0.976s] 5:     import ament_cmake_test
[0.976s] 5: ModuleNotFoundError: No module named 'ament_cmake_test'
[0.977s] 5/6 Test #5: uncrustify .......................***Failed    0.03 sec
[0.977s] test 6
[0.977s]     Start 6: xmllint
[0.977s] 
[0.977s] 6: Test command: /usr/bin/python3 "-u" "/opt/ros/humble/share/ament_cmake_test/cmake/run_test.py" "/workspaces/codespace/ros2/project/tutorial/build/examples_rclcpp_minimal_action_server/test_results/examples_rclcpp_minimal_action_server/xmllint.xunit.xml" "--package-name" "examples_rclcpp_minimal_action_server" "--output-file" "/workspaces/codespace/ros2/project/tutorial/build/examples_rclcpp_minimal_action_server/ament_xmllint/xmllint.txt" "--command" "/opt/ros/humble/bin/ament_xmllint" "--xunit-file" "/workspaces/codespace/ros2/project/tutorial/build/examples_rclcpp_minimal_action_server/test_results/examples_rclcpp_minimal_action_server/xmllint.xunit.xml"
[0.977s] 6: Test timeout computed to be: 60
[0.991s] 6: Traceback (most recent call last):
[0.991s] 6:   File "/opt/ros/humble/share/ament_cmake_test/cmake/run_test.py", line 19, in <module>
[0.991s] 6:     import ament_cmake_test
[0.991s] 6: ModuleNotFoundError: No module named 'ament_cmake_test'
[0.996s] 6/6 Test #6: xmllint ..........................***Failed    0.03 sec
[0.996s] 
[0.996s] 0% tests passed[0;0m, [0;31m6 tests failed[0;0m out of 6
[0.996s] 
[0.996s] Label Time Summary:
[0.997s] copyright     =   0.02 sec*proc (1 test)
[0.997s] cppcheck      =   0.04 sec*proc (1 test)
[0.997s] cpplint       =   0.03 sec*proc (1 test)
[0.997s] lint_cmake    =   0.03 sec*proc (1 test)
[0.997s] linter        =   0.17 sec*proc (6 tests)
[0.997s] uncrustify    =   0.03 sec*proc (1 test)
[0.997s] xmllint       =   0.03 sec*proc (1 test)
[0.997s] 
[0.997s] Total Test time (real) =   0.17 sec
[0.997s] 
[0.997s] The following tests FAILED:
[0.997s] 	[0;31m  1 - copyright (Failed)[0;0m
[0.998s] 	[0;31m  2 - cppcheck (Failed)[0;0m
[0.998s] 	[0;31m  3 - cpplint (Failed)[0;0m
[0.998s] 	[0;31m  4 - lint_cmake (Failed)[0;0m
[0.998s] 	[0;31m  5 - uncrustify (Failed)[0;0m
[0.998s] 	[0;31m  6 - xmllint (Failed)[0;0m
[0.999s] Errors while running CTest
[0.999s] Output from these tests are in: /workspaces/codespace/ros2/project/tutorial/build/examples_rclcpp_minimal_action_server/Testing/Temporary/LastTest.log
[0.999s] Use "--rerun-failed --output-on-failure" to re-run the failed cases verbosely.
[1.095s] Invoked command in '/workspaces/codespace/ros2/project/tutorial/build/examples_rclcpp_minimal_action_server' returned '8': AMENT_PREFIX_PATH=/workspaces/codespace/ros2/project/tutorial/install/examples_rclcpp_minimal_action_server CMAKE_PREFIX_PATH=/workspaces/codespace/ros2/project/tutorial/install/examples_rclcpp_minimal_action_server /usr/bin/ctest -C Release -D ExperimentalTest --no-compress-output -V --force-new-ctest-process
