[0.829s] Invoking command in '/workspaces/codespace/ros2/project/tutorial/build/examples_rclcpp_async_client': AMENT_PREFIX_PATH=/workspaces/codespace/ros2/project/tutorial/install/examples_rclcpp_async_client CMAKE_PREFIX_PATH=/workspaces/codespace/ros2/project/tutorial/install/examples_rclcpp_async_client /usr/bin/ctest -C Release -D ExperimentalTest --no-compress-output -V --force-new-ctest-process
[0.905s] UpdateCTestConfiguration  from :/workspaces/codespace/ros2/project/tutorial/build/examples_rclcpp_async_client/CTestConfiguration.ini
[0.905s] Parse Config file:/workspaces/codespace/ros2/project/tutorial/build/examples_rclcpp_async_client/CTestConfiguration.ini
[0.905s]    Site: creeper5820-A7S
[0.905s]    Build name: (empty)
[0.905s]  Add coverage exclude regular expressions.
[0.905s] Create new tag: 20240313-1147 - Experimental
[0.905s] UpdateCTestConfiguration  from :/workspaces/codespace/ros2/project/tutorial/build/examples_rclcpp_async_client/CTestConfiguration.ini
[0.906s] Parse Config file:/workspaces/codespace/ros2/project/tutorial/build/examples_rclcpp_async_client/CTestConfiguration.ini
[0.906s] Test project /workspaces/codespace/ros2/project/tutorial/build/examples_rclcpp_async_client
[0.910s] Constructing a list of tests
[0.910s] Done constructing a list of tests
[0.910s] Updating test list for fixtures
[0.911s] Added 0 tests to meet fixture requirements
[0.911s] Checking test dependency graph...
[0.911s] Checking test dependency graph end
[0.911s] test 1
[0.911s]     Start 1: copyright
[0.911s] 
[0.911s] 1: Test command: /usr/bin/python3 "-u" "/opt/ros/humble/share/ament_cmake_test/cmake/run_test.py" "/workspaces/codespace/ros2/project/tutorial/build/examples_rclcpp_async_client/test_results/examples_rclcpp_async_client/copyright.xunit.xml" "--package-name" "examples_rclcpp_async_client" "--output-file" "/workspaces/codespace/ros2/project/tutorial/build/examples_rclcpp_async_client/ament_copyright/copyright.txt" "--command" "/opt/ros/humble/bin/ament_copyright" "--xunit-file" "/workspaces/codespace/ros2/project/tutorial/build/examples_rclcpp_async_client/test_results/examples_rclcpp_async_client/copyright.xunit.xml"
[0.911s] 1: Test timeout computed to be: 200
[0.924s] 1: Traceback (most recent call last):
[0.924s] 1:   File "/opt/ros/humble/share/ament_cmake_test/cmake/run_test.py", line 19, in <module>
[0.924s] 1:     import ament_cmake_test
[0.924s] 1: ModuleNotFoundError: No module named 'ament_cmake_test'
[0.931s] 1/6 Test #1: copyright ........................***Failed    0.03 sec
[0.931s] test 2
[0.931s]     Start 2: cppcheck
[0.931s] 
[0.932s] 2: Test command: /usr/bin/python3 "-u" "/opt/ros/humble/share/ament_cmake_test/cmake/run_test.py" "/workspaces/codespace/ros2/project/tutorial/build/examples_rclcpp_async_client/test_results/examples_rclcpp_async_client/cppcheck.xunit.xml" "--package-name" "examples_rclcpp_async_client" "--output-file" "/workspaces/codespace/ros2/project/tutorial/build/examples_rclcpp_async_client/ament_cppcheck/cppcheck.txt" "--command" "/opt/ros/humble/bin/ament_cppcheck" "--xunit-file" "/workspaces/codespace/ros2/project/tutorial/build/examples_rclcpp_async_client/test_results/examples_rclcpp_async_client/cppcheck.xunit.xml"
[0.932s] 2: Test timeout computed to be: 300
[0.944s] 2: Traceback (most recent call last):
[0.944s] 2:   File "/opt/ros/humble/share/ament_cmake_test/cmake/run_test.py", line 19, in <module>
[0.944s] 2:     import ament_cmake_test
[0.945s] 2: ModuleNotFoundError: No module named 'ament_cmake_test'
[0.946s] 2/6 Test #2: cppcheck .........................***Failed    0.02 sec
[0.946s] test 3
[0.946s]     Start 3: cpplint
[0.946s] 
[0.947s] 3: Test command: /usr/bin/python3 "-u" "/opt/ros/humble/share/ament_cmake_test/cmake/run_test.py" "/workspaces/codespace/ros2/project/tutorial/build/examples_rclcpp_async_client/test_results/examples_rclcpp_async_client/cpplint.xunit.xml" "--package-name" "examples_rclcpp_async_client" "--output-file" "/workspaces/codespace/ros2/project/tutorial/build/examples_rclcpp_async_client/ament_cpplint/cpplint.txt" "--command" "/opt/ros/humble/bin/ament_cpplint" "--xunit-file" "/workspaces/codespace/ros2/project/tutorial/build/examples_rclcpp_async_client/test_results/examples_rclcpp_async_client/cpplint.xunit.xml"
[0.947s] 3: Test timeout computed to be: 120
[0.974s] 3: Traceback (most recent call last):
[0.974s] 3:   File "/opt/ros/humble/share/ament_cmake_test/cmake/run_test.py", line 19, in <module>
[0.974s] 3:     import ament_cmake_test
[0.974s] 3: ModuleNotFoundError: No module named 'ament_cmake_test'
[0.974s] 3/6 Test #3: cpplint ..........................***Failed    0.03 sec
[0.982s] test 4
[0.982s]     Start 4: lint_cmake
[0.982s] 
[0.982s] 4: Test command: /usr/bin/python3 "-u" "/opt/ros/humble/share/ament_cmake_test/cmake/run_test.py" "/workspaces/codespace/ros2/project/tutorial/build/examples_rclcpp_async_client/test_results/examples_rclcpp_async_client/lint_cmake.xunit.xml" "--package-name" "examples_rclcpp_async_client" "--output-file" "/workspaces/codespace/ros2/project/tutorial/build/examples_rclcpp_async_client/ament_lint_cmake/lint_cmake.txt" "--command" "/opt/ros/humble/bin/ament_lint_cmake" "--xunit-file" "/workspaces/codespace/ros2/project/tutorial/build/examples_rclcpp_async_client/test_results/examples_rclcpp_async_client/lint_cmake.xunit.xml"
[0.982s] 4: Test timeout computed to be: 60
[0.992s] 4: Traceback (most recent call last):
[0.992s] 4:   File "/opt/ros/humble/share/ament_cmake_test/cmake/run_test.py", line 19, in <module>
[0.993s] 4:     import ament_cmake_test
[0.993s] 4: ModuleNotFoundError: No module named 'ament_cmake_test'
[0.994s] 4/6 Test #4: lint_cmake .......................***Failed    0.03 sec
[0.994s] test 5
[0.994s]     Start 5: uncrustify
[0.994s] 
[0.994s] 5: Test command: /usr/bin/python3 "-u" "/opt/ros/humble/share/ament_cmake_test/cmake/run_test.py" "/workspaces/codespace/ros2/project/tutorial/build/examples_rclcpp_async_client/test_results/examples_rclcpp_async_client/uncrustify.xunit.xml" "--package-name" "examples_rclcpp_async_client" "--output-file" "/workspaces/codespace/ros2/project/tutorial/build/examples_rclcpp_async_client/ament_uncrustify/uncrustify.txt" "--command" "/opt/ros/humble/bin/ament_uncrustify" "--xunit-file" "/workspaces/codespace/ros2/project/tutorial/build/examples_rclcpp_async_client/test_results/examples_rclcpp_async_client/uncrustify.xunit.xml"
[0.995s] 5: Test timeout computed to be: 60
[1.007s] 5: Traceback (most recent call last):
[1.007s] 5:   File "/opt/ros/humble/share/ament_cmake_test/cmake/run_test.py", line 19, in <module>
[1.007s] 5:     import ament_cmake_test
[1.007s] 5: ModuleNotFoundError: No module named 'ament_cmake_test'
[1.010s] 5/6 Test #5: uncrustify .......................***Failed    0.03 sec
[1.010s] test 6
[1.010s]     Start 6: xmllint
[1.010s] 
[1.010s] 6: Test command: /usr/bin/python3 "-u" "/opt/ros/humble/share/ament_cmake_test/cmake/run_test.py" "/workspaces/codespace/ros2/project/tutorial/build/examples_rclcpp_async_client/test_results/examples_rclcpp_async_client/xmllint.xunit.xml" "--package-name" "examples_rclcpp_async_client" "--output-file" "/workspaces/codespace/ros2/project/tutorial/build/examples_rclcpp_async_client/ament_xmllint/xmllint.txt" "--command" "/opt/ros/humble/bin/ament_xmllint" "--xunit-file" "/workspaces/codespace/ros2/project/tutorial/build/examples_rclcpp_async_client/test_results/examples_rclcpp_async_client/xmllint.xunit.xml"
[1.010s] 6: Test timeout computed to be: 60
[1.018s] 6: Traceback (most recent call last):
[1.018s] 6:   File "/opt/ros/humble/share/ament_cmake_test/cmake/run_test.py", line 19, in <module>
[1.018s] 6:     import ament_cmake_test
[1.018s] 6: ModuleNotFoundError: No module named 'ament_cmake_test'
[1.022s] 6/6 Test #6: xmllint ..........................***Failed    0.03 sec
[1.022s] 
[1.022s] 0% tests passed[0;0m, [0;31m6 tests failed[0;0m out of 6
[1.023s] 
[1.023s] Label Time Summary:
[1.023s] copyright     =   0.03 sec*proc (1 test)
[1.023s] cppcheck      =   0.02 sec*proc (1 test)
[1.023s] cpplint       =   0.03 sec*proc (1 test)
[1.023s] lint_cmake    =   0.03 sec*proc (1 test)
[1.023s] linter        =   0.16 sec*proc (6 tests)
[1.023s] uncrustify    =   0.03 sec*proc (1 test)
[1.023s] xmllint       =   0.03 sec*proc (1 test)
[1.023s] 
[1.024s] Total Test time (real) =   0.16 sec
[1.024s] 
[1.024s] The following tests FAILED:
[1.024s] 	[0;31m  1 - copyright (Failed)[0;0m
[1.024s] 	[0;31m  2 - cppcheck (Failed)[0;0m
[1.024s] 	[0;31m  3 - cpplint (Failed)[0;0m
[1.024s] 	[0;31m  4 - lint_cmake (Failed)[0;0m
[1.024s] 	[0;31m  5 - uncrustify (Failed)[0;0m
[1.025s] 	[0;31m  6 - xmllint (Failed)[0;0m
[1.025s] Errors while running CTest
[1.025s] Output from these tests are in: /workspaces/codespace/ros2/project/tutorial/build/examples_rclcpp_async_client/Testing/Temporary/LastTest.log
[1.025s] Use "--rerun-failed --output-on-failure" to re-run the failed cases verbosely.
[1.130s] Invoked command in '/workspaces/codespace/ros2/project/tutorial/build/examples_rclcpp_async_client' returned '8': AMENT_PREFIX_PATH=/workspaces/codespace/ros2/project/tutorial/install/examples_rclcpp_async_client CMAKE_PREFIX_PATH=/workspaces/codespace/ros2/project/tutorial/install/examples_rclcpp_async_client /usr/bin/ctest -C Release -D ExperimentalTest --no-compress-output -V --force-new-ctest-process
