-- Found ament_cmake: 1.3.8 (/opt/ros/humble/share/ament_cmake/cmake)
-- Override CMake install command with custom implementation using symlinks instead of copying resources
-- Found rosidl_default_generators: 1.2.0 (/opt/ros/humble/share/rosidl_default_generators/cmake)
-- Using all available rosidl_typesupport_c: rosidl_typesupport_fastrtps_c;rosidl_typesupport_introspection_c
-- Found rosidl_adapter: 3.1.5 (/opt/ros/humble/share/rosidl_adapter/cmake)
-- Using all available rosidl_typesupport_cpp: rosidl_typesupport_fastrtps_cpp;rosidl_typesupport_introspection_cpp
-- Found rclcpp: 16.0.8 (/opt/ros/humble/share/rclcpp/cmake)
-- Found rmw_implementation_cmake: 6.1.1 (/opt/ros/humble/share/rmw_implementation_cmake/cmake)
-- Found rmw_fastrtps_cpp: 6.2.6 (/opt/ros/humble/share/rmw_fastrtps_cpp/cmake)
-- Using RMW implementation 'rmw_fastrtps_cpp' as default
-- Found ament_cmake_ros: 0.10.0 (/opt/ros/humble/share/ament_cmake_ros/cmake)
-- Using all available rosidl_typesupport_c: rosidl_typesupport_fastrtps_c;rosidl_typesupport_introspection_c
-- Using all available rosidl_typesupport_cpp: rosidl_typesupport_fastrtps_cpp;rosidl_typesupport_introspection_cpp
-- Found python_cmake_module: 0.10.0 (/opt/ros/humble/share/python_cmake_module/cmake)
-- Using PYTHON_EXECUTABLE: /usr/bin/python3
-- Using PYTHON_INCLUDE_DIRS: /usr/include/python3.10
-- Using PYTHON_LIBRARIES: /usr/lib/x86_64-linux-gnu/libpython3.10.so
-- Found ament_lint_auto: 0.12.10 (/opt/ros/humble/share/ament_lint_auto/cmake)
-- Added test 'cppcheck' to perform static code analysis on C / C++ code
-- Configured cppcheck include dirs: 
-- Configured cppcheck exclude dirs and/or files: 
-- Added test 'lint_cmake' to check CMake code style
-- Added test 'uncrustify' to check C / C++ code style
-- Configured uncrustify additional arguments: 
-- Added test 'xmllint' to check XML markup files
-- Configuring done
-- Generating done
-- Build files have been written to: /workspaces/codespace/ros2/project/local_mapping/build/gradient_mapping
[  2%] [34m[1mGenerating C code for ROS interfaces[0m
[  7%] [32mBuilding CXX object CMakeFiles/run.dir/src/main.cpp.o[0m
[  7%] [34m[1mGenerating C++ code for ROS interfaces[0m
[  7%] Built target ament_cmake_python_symlink_gradient_mapping
[  9%] [32m[1mLinking CXX executable run[0m
[  9%] Built target run
running egg_info
creating gradient_mapping.egg-info
writing gradient_mapping.egg-info/PKG-INFO
writing dependency_links to gradient_mapping.egg-info/dependency_links.txt
writing top-level names to gradient_mapping.egg-info/top_level.txt
writing manifest file 'gradient_mapping.egg-info/SOURCES.txt'
reading manifest file 'gradient_mapping.egg-info/SOURCES.txt'
writing manifest file 'gradient_mapping.egg-info/SOURCES.txt'
[  9%] Built target ament_cmake_python_build_gradient_mapping_egg
[  9%] Built target gradient_mapping__cpp
[ 17%] [34m[1mGenerating C++ type support dispatch for ROS interfaces[0m
[ 17%] [34m[1mGenerating C++ introspection for ROS interfaces[0m
[ 17%] [34m[1mGenerating C++ type support for eProsima Fast-RTPS[0m
[ 21%] [32mBuilding C object CMakeFiles/gradient_mapping__rosidl_generator_c.dir/rosidl_generator_c/gradient_mapping/msg/detail/custom_point__functions.c.o[0m
[ 21%] [32mBuilding C object CMakeFiles/gradient_mapping__rosidl_generator_c.dir/rosidl_generator_c/gradient_mapping/msg/detail/custom_msg__functions.c.o[0m
In file included from [01m[K/workspaces/codespace/ros2/project/local_mapping/build/gradient_mapping/rosidl_generator_c/gradient_mapping/msg/detail/custom_msg__functions.h:19[m[K,
                 from [01m[K/workspaces/codespace/ros2/project/local_mapping/build/gradient_mapping/rosidl_generator_c/gradient_mapping/msg/detail/custom_msg__functions.c:4[m[K:
[01m[K/workspaces/codespace/ros2/project/local_mapping/build/gradient_mapping/rosidl_generator_c/gradient_mapping/msg/detail/custom_msg__struct.h:22:10:[m[K [01;31m[Kfatal error: [m[Kstd_msgs/msg/detail/header__struct.h: No such file or directory
   22 | #include [01;31m[K"std_msgs/msg/detail/header__struct.h"[m[K
      |          [01;31m[K^~~~~~~~~~~~~~~~~~~~~~~~~~~~~~~~~~~~~~[m[K
compilation terminated.
gmake[2]: *** [CMakeFiles/gradient_mapping__rosidl_generator_c.dir/build.make:135: CMakeFiles/gradient_mapping__rosidl_generator_c.dir/rosidl_generator_c/gradient_mapping/msg/detail/custom_msg__functions.c.o] Error 1
gmake[2]: *** Waiting for unfinished jobs....
gmake[1]: *** [CMakeFiles/Makefile2:215: CMakeFiles/gradient_mapping__rosidl_generator_c.dir/all] Error 2
gmake[1]: *** Waiting for unfinished jobs....
[ 26%] [32mBuilding CXX object CMakeFiles/gradient_mapping__rosidl_typesupport_cpp.dir/rosidl_typesupport_cpp/gradient_mapping/msg/custom_msg__type_support.cpp.o[0m
[ 26%] [32mBuilding CXX object CMakeFiles/gradient_mapping__rosidl_typesupport_cpp.dir/rosidl_typesupport_cpp/gradient_mapping/msg/custom_point__type_support.cpp.o[0m
[ 31%] [32mBuilding CXX object CMakeFiles/gradient_mapping__rosidl_typesupport_introspection_cpp.dir/rosidl_typesupport_introspection_cpp/gradient_mapping/msg/detail/custom_msg__type_support.cpp.o[0m
[ 31%] [32mBuilding CXX object CMakeFiles/gradient_mapping__rosidl_typesupport_introspection_cpp.dir/rosidl_typesupport_introspection_cpp/gradient_mapping/msg/detail/custom_point__type_support.cpp.o[0m
[ 36%] [32mBuilding CXX object CMakeFiles/gradient_mapping__rosidl_typesupport_fastrtps_cpp.dir/rosidl_typesupport_fastrtps_cpp/gradient_mapping/msg/detail/dds_fastrtps/custom_point__type_support.cpp.o[0m
[ 36%] [32mBuilding CXX object CMakeFiles/gradient_mapping__rosidl_typesupport_fastrtps_cpp.dir/rosidl_typesupport_fastrtps_cpp/gradient_mapping/msg/detail/dds_fastrtps/custom_msg__type_support.cpp.o[0m
In file included from [01m[K/workspaces/codespace/ros2/project/local_mapping/build/gradient_mapping/rosidl_typesupport_cpp/gradient_mapping/msg/custom_msg__type_support.cpp:7[m[K:
[01m[K/workspaces/codespace/ros2/project/local_mapping/build/gradient_mapping/rosidl_generator_cpp/gradient_mapping/msg/detail/custom_msg__struct.hpp:20:10:[m[K [01;31m[Kfatal error: [m[Kstd_msgs/msg/detail/header__struct.hpp: No such file or directory
   20 | #include [01;31m[K"std_msgs/msg/detail/header__struct.hpp"[m[K
      |          [01;31m[K^~~~~~~~~~~~~~~~~~~~~~~~~~~~~~~~~~~~~~~~[m[K
compilation terminated.
gmake[2]: *** [CMakeFiles/gradient_mapping__rosidl_typesupport_cpp.dir/build.make:104: CMakeFiles/gradient_mapping__rosidl_typesupport_cpp.dir/rosidl_typesupport_cpp/gradient_mapping/msg/custom_msg__type_support.cpp.o] Error 1
gmake[2]: *** Waiting for unfinished jobs....
In file included from [01m[K/workspaces/codespace/ros2/project/local_mapping/build/gradient_mapping/rosidl_typesupport_introspection_cpp/gradient_mapping/msg/detail/custom_msg__type_support.cpp:12[m[K:
[01m[K/workspaces/codespace/ros2/project/local_mapping/build/gradient_mapping/rosidl_generator_cpp/gradient_mapping/msg/detail/custom_msg__struct.hpp:20:10:[m[K [01;31m[Kfatal error: [m[Kstd_msgs/msg/detail/header__struct.hpp: No such file or directory
   20 | #include [01;31m[K"std_msgs/msg/detail/header__struct.hpp"[m[K
      |          [01;31m[K^~~~~~~~~~~~~~~~~~~~~~~~~~~~~~~~~~~~~~~~[m[K
compilation terminated.
gmake[2]: *** [CMakeFiles/gradient_mapping__rosidl_typesupport_introspection_cpp.dir/build.make:112: CMakeFiles/gradient_mapping__rosidl_typesupport_introspection_cpp.dir/rosidl_typesupport_introspection_cpp/gradient_mapping/msg/detail/custom_msg__type_support.cpp.o] Error 1
gmake[2]: *** Waiting for unfinished jobs....
In file included from [01m[K/workspaces/codespace/ros2/project/local_mapping/build/gradient_mapping/rosidl_typesupport_fastrtps_cpp/gradient_mapping/msg/detail/custom_msg__rosidl_typesupport_fastrtps_cpp.hpp:11[m[K,
                 from [01m[K/workspaces/codespace/ros2/project/local_mapping/build/gradient_mapping/rosidl_typesupport_fastrtps_cpp/gradient_mapping/msg/detail/dds_fastrtps/custom_msg__type_support.cpp:4[m[K:
[01m[K/workspaces/codespace/ros2/project/local_mapping/build/gradient_mapping/rosidl_generator_cpp/gradient_mapping/msg/detail/custom_msg__struct.hpp:20:10:[m[K [01;31m[Kfatal error: [m[Kstd_msgs/msg/detail/header__struct.hpp: No such file or directory
   20 | #include [01;31m[K"std_msgs/msg/detail/header__struct.hpp"[m[K
      |          [01;31m[K^~~~~~~~~~~~~~~~~~~~~~~~~~~~~~~~~~~~~~~~[m[K
compilation terminated.
gmake[2]: *** [CMakeFiles/gradient_mapping__rosidl_typesupport_fastrtps_cpp.dir/build.make:112: CMakeFiles/gradient_mapping__rosidl_typesupport_fastrtps_cpp.dir/rosidl_typesupport_fastrtps_cpp/gradient_mapping/msg/detail/dds_fastrtps/custom_msg__type_support.cpp.o] Error 1
gmake[2]: *** Waiting for unfinished jobs....
gmake[1]: *** [CMakeFiles/Makefile2:397: CMakeFiles/gradient_mapping__rosidl_typesupport_cpp.dir/all] Error 2
gmake[1]: *** [CMakeFiles/Makefile2:371: CMakeFiles/gradient_mapping__rosidl_typesupport_introspection_cpp.dir/all] Error 2
gmake[1]: *** [CMakeFiles/Makefile2:345: CMakeFiles/gradient_mapping__rosidl_typesupport_fastrtps_cpp.dir/all] Error 2
gmake: *** [Makefile:146: all] Error 2
