[0.040s] Invoking command in '/workspaces/codespace/ros2/project/local_mapping/build/gradient_mapping': CMAKE_PREFIX_PATH=/opt/ros/humble /usr/bin/cmake /workspaces/codespace/ros2/project/local_mapping/src/gradient_mapping -DAMENT_CMAKE_SYMLINK_INSTALL=1 -DCMAKE_INSTALL_PREFIX=/workspaces/codespace/ros2/project/local_mapping/install/gradient_mapping
[0.049s] -- Found ament_cmake: 1.3.8 (/opt/ros/humble/share/ament_cmake/cmake)
[0.143s] -- Override CMake install command with custom implementation using symlinks instead of copying resources
[0.149s] -- Found rosidl_default_generators: 1.2.0 (/opt/ros/humble/share/rosidl_default_generators/cmake)
[0.150s] -- Using all available rosidl_typesupport_c: rosidl_typesupport_fastrtps_c;rosidl_typesupport_introspection_c
[0.153s] -- Found rosidl_adapter: 3.1.5 (/opt/ros/humble/share/rosidl_adapter/cmake)
[0.178s] -- Using all available rosidl_typesupport_cpp: rosidl_typesupport_fastrtps_cpp;rosidl_typesupport_introspection_cpp
[0.200s] -- Found rclcpp: 16.0.8 (/opt/ros/humble/share/rclcpp/cmake)
[0.251s] -- Found rmw_implementation_cmake: 6.1.1 (/opt/ros/humble/share/rmw_implementation_cmake/cmake)
[0.252s] -- Found rmw_fastrtps_cpp: 6.2.6 (/opt/ros/humble/share/rmw_fastrtps_cpp/cmake)
[0.370s] -- Using RMW implementation 'rmw_fastrtps_cpp' as default
[0.676s] -- Found ament_cmake_ros: 0.10.0 (/opt/ros/humble/share/ament_cmake_ros/cmake)
[0.815s] -- Using all available rosidl_typesupport_c: rosidl_typesupport_fastrtps_c;rosidl_typesupport_introspection_c
[0.996s] -- Using all available rosidl_typesupport_cpp: rosidl_typesupport_fastrtps_cpp;rosidl_typesupport_introspection_cpp
[1.013s] -- Found python_cmake_module: 0.10.0 (/opt/ros/humble/share/python_cmake_module/cmake)
[1.030s] -- Using PYTHON_EXECUTABLE: /usr/bin/python3
[1.031s] -- Using PYTHON_INCLUDE_DIRS: /usr/include/python3.10
[1.031s] -- Using PYTHON_LIBRARIES: /usr/lib/x86_64-linux-gnu/libpython3.10.so
[1.040s] -- Found ament_lint_auto: 0.12.10 (/opt/ros/humble/share/ament_lint_auto/cmake)
[1.049s] -- Added test 'cppcheck' to perform static code analysis on C / C++ code
[1.050s] -- Configured cppcheck include dirs: 
[1.050s] -- Configured cppcheck exclude dirs and/or files: 
[1.050s] -- Added test 'lint_cmake' to check CMake code style
[1.051s] -- Added test 'uncrustify' to check C / C++ code style
[1.051s] -- Configured uncrustify additional arguments: 
[1.051s] -- Added test 'xmllint' to check XML markup files
[1.054s] -- Configuring done
[1.087s] -- Generating done
[1.089s] -- Build files have been written to: /workspaces/codespace/ros2/project/local_mapping/build/gradient_mapping
[1.097s] Invoked command in '/workspaces/codespace/ros2/project/local_mapping/build/gradient_mapping' returned '0': CMAKE_PREFIX_PATH=/opt/ros/humble /usr/bin/cmake /workspaces/codespace/ros2/project/local_mapping/src/gradient_mapping -DAMENT_CMAKE_SYMLINK_INSTALL=1 -DCMAKE_INSTALL_PREFIX=/workspaces/codespace/ros2/project/local_mapping/install/gradient_mapping
[1.098s] Invoking command in '/workspaces/codespace/ros2/project/local_mapping/build/gradient_mapping': CMAKE_PREFIX_PATH=/opt/ros/humble /usr/bin/cmake --build /workspaces/codespace/ros2/project/local_mapping/build/gradient_mapping -- -j16 -l16
[1.138s] [  2%] [34m[1mGenerating C code for ROS interfaces[0m
[1.147s] [  7%] [32mBuilding CXX object CMakeFiles/run.dir/src/main.cpp.o[0m
[1.147s] [  7%] [34m[1mGenerating C++ code for ROS interfaces[0m
[1.155s] [  7%] Built target ament_cmake_python_symlink_gradient_mapping
[1.168s] [  9%] [32m[1mLinking CXX executable run[0m
[1.226s] [  9%] Built target run
[1.337s] running egg_info
[1.338s] creating gradient_mapping.egg-info
[1.338s] writing gradient_mapping.egg-info/PKG-INFO
[1.338s] writing dependency_links to gradient_mapping.egg-info/dependency_links.txt
[1.338s] writing top-level names to gradient_mapping.egg-info/top_level.txt
[1.338s] writing manifest file 'gradient_mapping.egg-info/SOURCES.txt'
[1.340s] reading manifest file 'gradient_mapping.egg-info/SOURCES.txt'
[1.340s] writing manifest file 'gradient_mapping.egg-info/SOURCES.txt'
[1.362s] [  9%] Built target ament_cmake_python_build_gradient_mapping_egg
[1.467s] [  9%] Built target gradient_mapping__cpp
[1.477s] [ 17%] [34m[1mGenerating C++ type support dispatch for ROS interfaces[0m
[1.477s] [ 17%] [34m[1mGenerating C++ introspection for ROS interfaces[0m
[1.477s] [ 17%] [34m[1mGenerating C++ type support for eProsima Fast-RTPS[0m
[1.480s] [ 21%] [32mBuilding C object CMakeFiles/gradient_mapping__rosidl_generator_c.dir/rosidl_generator_c/gradient_mapping/msg/detail/custom_point__functions.c.o[0m
[1.480s] [ 21%] [32mBuilding C object CMakeFiles/gradient_mapping__rosidl_generator_c.dir/rosidl_generator_c/gradient_mapping/msg/detail/custom_msg__functions.c.o[0m
[1.493s] In file included from [01m[K/workspaces/codespace/ros2/project/local_mapping/build/gradient_mapping/rosidl_generator_c/gradient_mapping/msg/detail/custom_msg__functions.h:19[m[K,
[1.493s]                  from [01m[K/workspaces/codespace/ros2/project/local_mapping/build/gradient_mapping/rosidl_generator_c/gradient_mapping/msg/detail/custom_msg__functions.c:4[m[K:
[1.493s] [01m[K/workspaces/codespace/ros2/project/local_mapping/build/gradient_mapping/rosidl_generator_c/gradient_mapping/msg/detail/custom_msg__struct.h:22:10:[m[K [01;31m[Kfatal error: [m[Kstd_msgs/msg/detail/header__struct.h: No such file or directory
[1.494s]    22 | #include [01;31m[K"std_msgs/msg/detail/header__struct.h"[m[K
[1.494s]       |          [01;31m[K^~~~~~~~~~~~~~~~~~~~~~~~~~~~~~~~~~~~~~[m[K
[1.494s] compilation terminated.
[1.494s] gmake[2]: *** [CMakeFiles/gradient_mapping__rosidl_generator_c.dir/build.make:135: CMakeFiles/gradient_mapping__rosidl_generator_c.dir/rosidl_generator_c/gradient_mapping/msg/detail/custom_msg__functions.c.o] Error 1
[1.494s] gmake[2]: *** Waiting for unfinished jobs....
[1.514s] gmake[1]: *** [CMakeFiles/Makefile2:215: CMakeFiles/gradient_mapping__rosidl_generator_c.dir/all] Error 2
[1.514s] gmake[1]: *** Waiting for unfinished jobs....
[1.762s] [ 26%] [32mBuilding CXX object CMakeFiles/gradient_mapping__rosidl_typesupport_cpp.dir/rosidl_typesupport_cpp/gradient_mapping/msg/custom_msg__type_support.cpp.o[0m
[1.762s] [ 26%] [32mBuilding CXX object CMakeFiles/gradient_mapping__rosidl_typesupport_cpp.dir/rosidl_typesupport_cpp/gradient_mapping/msg/custom_point__type_support.cpp.o[0m
[1.772s] [ 31%] [32mBuilding CXX object CMakeFiles/gradient_mapping__rosidl_typesupport_introspection_cpp.dir/rosidl_typesupport_introspection_cpp/gradient_mapping/msg/detail/custom_msg__type_support.cpp.o[0m
[1.772s] [ 31%] [32mBuilding CXX object CMakeFiles/gradient_mapping__rosidl_typesupport_introspection_cpp.dir/rosidl_typesupport_introspection_cpp/gradient_mapping/msg/detail/custom_point__type_support.cpp.o[0m
[1.786s] [ 36%] [32mBuilding CXX object CMakeFiles/gradient_mapping__rosidl_typesupport_fastrtps_cpp.dir/rosidl_typesupport_fastrtps_cpp/gradient_mapping/msg/detail/dds_fastrtps/custom_point__type_support.cpp.o[0m
[1.786s] [ 36%] [32mBuilding CXX object CMakeFiles/gradient_mapping__rosidl_typesupport_fastrtps_cpp.dir/rosidl_typesupport_fastrtps_cpp/gradient_mapping/msg/detail/dds_fastrtps/custom_msg__type_support.cpp.o[0m
[1.812s] In file included from [01m[K/workspaces/codespace/ros2/project/local_mapping/build/gradient_mapping/rosidl_typesupport_cpp/gradient_mapping/msg/custom_msg__type_support.cpp:7[m[K:
[1.812s] [01m[K/workspaces/codespace/ros2/project/local_mapping/build/gradient_mapping/rosidl_generator_cpp/gradient_mapping/msg/detail/custom_msg__struct.hpp:20:10:[m[K [01;31m[Kfatal error: [m[Kstd_msgs/msg/detail/header__struct.hpp: No such file or directory
[1.812s]    20 | #include [01;31m[K"std_msgs/msg/detail/header__struct.hpp"[m[K
[1.812s]       |          [01;31m[K^~~~~~~~~~~~~~~~~~~~~~~~~~~~~~~~~~~~~~~~[m[K
[1.812s] compilation terminated.
[1.814s] gmake[2]: *** [CMakeFiles/gradient_mapping__rosidl_typesupport_cpp.dir/build.make:104: CMakeFiles/gradient_mapping__rosidl_typesupport_cpp.dir/rosidl_typesupport_cpp/gradient_mapping/msg/custom_msg__type_support.cpp.o] Error 1
[1.814s] gmake[2]: *** Waiting for unfinished jobs....
[1.827s] In file included from [01m[K/workspaces/codespace/ros2/project/local_mapping/build/gradient_mapping/rosidl_typesupport_introspection_cpp/gradient_mapping/msg/detail/custom_msg__type_support.cpp:12[m[K:
[1.827s] [01m[K/workspaces/codespace/ros2/project/local_mapping/build/gradient_mapping/rosidl_generator_cpp/gradient_mapping/msg/detail/custom_msg__struct.hpp:20:10:[m[K [01;31m[Kfatal error: [m[Kstd_msgs/msg/detail/header__struct.hpp: No such file or directory
[1.827s]    20 | #include [01;31m[K"std_msgs/msg/detail/header__struct.hpp"[m[K
[1.827s]       |          [01;31m[K^~~~~~~~~~~~~~~~~~~~~~~~~~~~~~~~~~~~~~~~[m[K
[1.827s] compilation terminated.
[1.829s] gmake[2]: *** [CMakeFiles/gradient_mapping__rosidl_typesupport_introspection_cpp.dir/build.make:112: CMakeFiles/gradient_mapping__rosidl_typesupport_introspection_cpp.dir/rosidl_typesupport_introspection_cpp/gradient_mapping/msg/detail/custom_msg__type_support.cpp.o] Error 1
[1.829s] gmake[2]: *** Waiting for unfinished jobs....
[1.838s] In file included from [01m[K/workspaces/codespace/ros2/project/local_mapping/build/gradient_mapping/rosidl_typesupport_fastrtps_cpp/gradient_mapping/msg/detail/custom_msg__rosidl_typesupport_fastrtps_cpp.hpp:11[m[K,
[1.838s]                  from [01m[K/workspaces/codespace/ros2/project/local_mapping/build/gradient_mapping/rosidl_typesupport_fastrtps_cpp/gradient_mapping/msg/detail/dds_fastrtps/custom_msg__type_support.cpp:4[m[K:
[1.838s] [01m[K/workspaces/codespace/ros2/project/local_mapping/build/gradient_mapping/rosidl_generator_cpp/gradient_mapping/msg/detail/custom_msg__struct.hpp:20:10:[m[K [01;31m[Kfatal error: [m[Kstd_msgs/msg/detail/header__struct.hpp: No such file or directory
[1.838s]    20 | #include [01;31m[K"std_msgs/msg/detail/header__struct.hpp"[m[K
[1.838s]       |          [01;31m[K^~~~~~~~~~~~~~~~~~~~~~~~~~~~~~~~~~~~~~~~[m[K
[1.838s] compilation terminated.
[1.839s] gmake[2]: *** [CMakeFiles/gradient_mapping__rosidl_typesupport_fastrtps_cpp.dir/build.make:112: CMakeFiles/gradient_mapping__rosidl_typesupport_fastrtps_cpp.dir/rosidl_typesupport_fastrtps_cpp/gradient_mapping/msg/detail/dds_fastrtps/custom_msg__type_support.cpp.o] Error 1
[1.839s] gmake[2]: *** Waiting for unfinished jobs....
[1.965s] gmake[1]: *** [CMakeFiles/Makefile2:397: CMakeFiles/gradient_mapping__rosidl_typesupport_cpp.dir/all] Error 2
[2.051s] gmake[1]: *** [CMakeFiles/Makefile2:371: CMakeFiles/gradient_mapping__rosidl_typesupport_introspection_cpp.dir/all] Error 2
[2.076s] gmake[1]: *** [CMakeFiles/Makefile2:345: CMakeFiles/gradient_mapping__rosidl_typesupport_fastrtps_cpp.dir/all] Error 2
[2.076s] gmake: *** [Makefile:146: all] Error 2
[2.078s] Invoked command in '/workspaces/codespace/ros2/project/local_mapping/build/gradient_mapping' returned '2': CMAKE_PREFIX_PATH=/opt/ros/humble /usr/bin/cmake --build /workspaces/codespace/ros2/project/local_mapping/build/gradient_mapping -- -j16 -l16
