-- Found ament_cmake_auto: 1.3.8 (/opt/ros/humble/share/ament_cmake_auto/cmake)
-- Override CMake install command with custom implementation using symlinks instead of copying resources
-- Found rosidl_generator_c: 3.1.5 (/opt/ros/humble/share/rosidl_generator_c/cmake)
-- Found rosidl_adapter: 3.1.5 (/opt/ros/humble/share/rosidl_adapter/cmake)
-- Found rosidl_generator_cpp: 3.1.5 (/opt/ros/humble/share/rosidl_generator_cpp/cmake)
-- Using all available rosidl_typesupport_c: rosidl_typesupport_fastrtps_c;rosidl_typesupport_introspection_c
-- Using all available rosidl_typesupport_cpp: rosidl_typesupport_fastrtps_cpp;rosidl_typesupport_introspection_cpp
-- Found rmw_implementation_cmake: 6.1.1 (/opt/ros/humble/share/rmw_implementation_cmake/cmake)
-- Found rmw_fastrtps_cpp: 6.2.6 (/opt/ros/humble/share/rmw_fastrtps_cpp/cmake)
-- Using RMW implementation 'rmw_fastrtps_cpp' as default
-- Configuring done
-- Generating done
-- Build files have been written to: /workspaces/codespace/ros2/project/local_mapping/build/gradient_mapping
[35m[1mConsolidate compiler generated dependencies of target gradient_mapping[0m
[ 50%] [32mBuilding CXX object CMakeFiles/gradient_mapping.dir/src/main.cpp.o[0m
[100%] [32m[1mLinking CXX executable gradient_mapping[0m
/usr/bin/ld: CMakeFiles/gradient_mapping.dir/src/main.cpp.o: in function `void pcl::transformPointCloud<pcl::PointXYZ, float>(pcl::PointCloud<pcl::PointXYZ> const&, pcl::PointCloud<pcl::PointXYZ>&, Eigen::Matrix<float, 4, 4, 0, 4, 4> const&, bool)':
main.cpp:(.text._ZN3pcl19transformPointCloudINS_8PointXYZEfEEvRKNS_10PointCloudIT_EERS4_RKN5Eigen6MatrixIT0_Li4ELi4ELi0ELi4ELi4EEEb[_ZN3pcl19transformPointCloudINS_8PointXYZEfEEvRKNS_10PointCloudIT_EERS4_RKN5Eigen6MatrixIT0_Li4ELi4ELi0ELi4ELi4EEEb]+0x39b): undefined reference to `pcl::console::print(pcl::console::VERBOSITY_LEVEL, char const*, ...)'
collect2: error: ld returned 1 exit status
gmake[2]: *** [CMakeFiles/gradient_mapping.dir/build.make:167: gradient_mapping] Error 1
gmake[1]: *** [CMakeFiles/Makefile2:137: CMakeFiles/gradient_mapping.dir/all] Error 2
gmake: *** [Makefile:146: all] Error 2
