[0.000000] (-) TimerEvent: {}
[0.000626] (-) JobUnselected: {'identifier': 'full_matching'}
[0.000674] (-) JobUnselected: {'identifier': 'messages'}
[0.000707] (gradient_mapping) JobQueued: {'identifier': 'gradient_mapping', 'dependencies': OrderedDict()}
[0.000740] (gradient_mapping) JobStarted: {'identifier': 'gradient_mapping'}
[0.018366] (gradient_mapping) JobProgress: {'identifier': 'gradient_mapping', 'progress': 'cmake'}
[0.020000] (gradient_mapping) JobProgress: {'identifier': 'gradient_mapping', 'progress': 'build'}
[0.020687] (gradient_mapping) Command: {'cmd': ['/usr/bin/cmake', '--build', '/workspaces/codespace/ros2/project/local_mapping/build/gradient_mapping', '--', '-j16', '-l16'], 'cwd': '/workspaces/codespace/ros2/project/local_mapping/build/gradient_mapping', 'env': OrderedDict([('HOSTNAME', 'creeper5820-A7S'), ('GIT_ASKPASS', '/vscode/vscode-server/bin/linux-x64/1e790d77f81672c49be070e04474901747115651/extensions/git/dist/askpass.sh'), ('SHLVL', '2'), ('BROWSER', '/vscode/vscode-server/bin/linux-x64/1e790d77f81672c49be070e04474901747115651/bin/helpers/browser.sh'), ('HOME', '/root'), ('OLDPWD', '/workspaces/codespace/ros2/project/local_mapping'), ('TERM_PROGRAM_VERSION', '1.87.1'), ('VSCODE_IPC_HOOK_CLI', '/tmp/vscode-ipc-26d3d981-16f6-4b76-be42-abbc42dbb25e.sock'), ('ZSH', '/root/.oh-my-zsh'), ('LSCOLORS', 'Gxfxcxdxbxegedabagacad'), ('PAGER', 'more'), ('VSCODE_GIT_ASKPASS_MAIN', '/vscode/vscode-server/bin/linux-x64/1e790d77f81672c49be070e04474901747115651/extensions/git/dist/askpass-main.js'), ('VSCODE_GIT_ASKPASS_NODE', '/vscode/vscode-server/bin/linux-x64/1e790d77f81672c49be070e04474901747115651/node'), ('REMOTE_CONTAINERS', 'true'), ('COLORTERM', 'truecolor'), ('_colcon_cd_root', '/opt/ros/humble/'), ('ROS_DISTRO', 'humble'), ('REMOTE_CONTAINERS_IPC', '/tmp/vscode-remote-containers-ipc-afd68d93-1eb0-485d-bd04-e8b40cce95d6.sock'), ('LOGNAME', 'root'), ('_', '/usr/bin/colcon'), ('USER_ZDOTDIR', '/root'), ('TERM', 'xterm-256color'), ('PATH', '/vscode/vscode-server/bin/linux-x64/1e790d77f81672c49be070e04474901747115651/bin/remote-cli:/usr/local/sbin:/usr/local/bin:/usr/sbin:/usr/bin:/sbin:/bin'), ('DISPLAY', ':1'), ('REMOTE_CONTAINERS_SOCKETS', '["/tmp/vscode-ssh-auth-afd68d93-1eb0-485d-bd04-e8b40cce95d6.sock","/tmp/.X11-unix/X2","/root/.gnupg/S.gpg-agent"]'), ('LANG', 'C.UTF-8'), ('VSCODE_INJECTION', '1'), ('LS_COLORS', 'rs=0:di=01;34:ln=01;36:mh=00:pi=40;33:so=01;35:do=01;35:bd=40;33;01:cd=40;33;01:or=40;31;01:mi=00:su=37;41:sg=30;43:ca=30;41:tw=30;42:ow=34;42:st=37;44:ex=01;32:*.tar=01;31:*.tgz=01;31:*.arc=01;31:*.arj=01;31:*.taz=01;31:*.lha=01;31:*.lz4=01;31:*.lzh=01;31:*.lzma=01;31:*.tlz=01;31:*.txz=01;31:*.tzo=01;31:*.t7z=01;31:*.zip=01;31:*.z=01;31:*.dz=01;31:*.gz=01;31:*.lrz=01;31:*.lz=01;31:*.lzo=01;31:*.xz=01;31:*.zst=01;31:*.tzst=01;31:*.bz2=01;31:*.bz=01;31:*.tbz=01;31:*.tbz2=01;31:*.tz=01;31:*.deb=01;31:*.rpm=01;31:*.jar=01;31:*.war=01;31:*.ear=01;31:*.sar=01;31:*.rar=01;31:*.alz=01;31:*.ace=01;31:*.zoo=01;31:*.cpio=01;31:*.7z=01;31:*.rz=01;31:*.cab=01;31:*.wim=01;31:*.swm=01;31:*.dwm=01;31:*.esd=01;31:*.jpg=01;35:*.jpeg=01;35:*.mjpg=01;35:*.mjpeg=01;35:*.gif=01;35:*.bmp=01;35:*.pbm=01;35:*.pgm=01;35:*.ppm=01;35:*.tga=01;35:*.xbm=01;35:*.xpm=01;35:*.tif=01;35:*.tiff=01;35:*.png=01;35:*.svg=01;35:*.svgz=01;35:*.mng=01;35:*.pcx=01;35:*.mov=01;35:*.mpg=01;35:*.mpeg=01;35:*.m2v=01;35:*.mkv=01;35:*.webm=01;35:*.webp=01;35:*.ogm=01;35:*.mp4=01;35:*.m4v=01;35:*.mp4v=01;35:*.vob=01;35:*.qt=01;35:*.nuv=01;35:*.wmv=01;35:*.asf=01;35:*.rm=01;35:*.rmvb=01;35:*.flc=01;35:*.avi=01;35:*.fli=01;35:*.flv=01;35:*.gl=01;35:*.dl=01;35:*.xcf=01;35:*.xwd=01;35:*.yuv=01;35:*.cgm=01;35:*.emf=01;35:*.ogv=01;35:*.ogx=01;35:*.aac=00;36:*.au=00;36:*.flac=00;36:*.m4a=00;36:*.mid=00;36:*.midi=00;36:*.mka=00;36:*.mp3=00;36:*.mpc=00;36:*.ogg=00;36:*.ra=00;36:*.wav=00;36:*.oga=00;36:*.opus=00;36:*.spx=00;36:*.xspf=00;36:'), ('TERM_PROGRAM', 'vscode'), ('VSCODE_GIT_IPC_HANDLE', '/tmp/vscode-git-a5915a235f.sock'), ('SSH_AUTH_SOCK', '/tmp/vscode-ssh-auth-afd68d93-1eb0-485d-bd04-e8b40cce95d6.sock'), ('REMOTE_CONTAINERS_DISPLAY_SOCK', '/tmp/.X11-unix/X2'), ('SHELL', '/bin/zsh'), ('VSCODE_GIT_ASKPASS_EXTRA_ARGS', ''), ('LC_ALL', 'C.UTF-8'), ('PWD', '/workspaces/codespace/ros2/project/local_mapping/build/gradient_mapping'), ('ZDOTDIR', '/root'), ('COLCON', '1')]), 'shell': False}
[0.080730] (gradient_mapping) StderrLine: {'line': b'\x1b[0m-- GLOB mismatch!\x1b[0m\n'}
[0.100084] (-) TimerEvent: {}
[0.129275] (gradient_mapping) StdoutLine: {'line': b'-- Found ament_cmake_auto: 1.3.8 (/opt/ros/humble/share/ament_cmake_auto/cmake)\n'}
[0.193858] (gradient_mapping) StderrLine: {'line': b'Traceback (most recent call last):\n'}
[0.194037] (gradient_mapping) StderrLine: {'line': b'  File "/opt/ros/humble/share/ament_cmake_core/cmake/package_templates/templates_2_cmake.py", line 21, in <module>\n'}
[0.194118] (gradient_mapping) StderrLine: {'line': b'    from ament_package.templates import get_environment_hook_template_path\n'}
[0.194207] (gradient_mapping) StderrLine: {'line': b"ModuleNotFoundError: No module named 'ament_package'\n"}
[0.196073] (gradient_mapping) StderrLine: {'line': b'\x1b[31mCMake Error at /opt/ros/humble/share/ament_cmake_core/cmake/ament_cmake_package_templates-extras.cmake:41 (message):\n'}
[0.196182] (gradient_mapping) StderrLine: {'line': b'  execute_process(/usr/bin/python3\n'}
[0.196249] (gradient_mapping) StderrLine: {'line': b'  /opt/ros/humble/share/ament_cmake_core/cmake/package_templates/templates_2_cmake.py\n'}
[0.196324] (gradient_mapping) StderrLine: {'line': b'  /workspaces/codespace/ros2/project/local_mapping/build/gradient_mapping/ament_cmake_package_templates/templates.cmake)\n'}
[0.196450] (gradient_mapping) StderrLine: {'line': b'  returned error code 1\n'}
[0.196525] (gradient_mapping) StderrLine: {'line': b'Call Stack (most recent call first):\n'}
[0.196599] (gradient_mapping) StderrLine: {'line': b'  /opt/ros/humble/share/ament_cmake_core/cmake/ament_cmake_coreConfig.cmake:41 (include)\n'}
[0.196667] (gradient_mapping) StderrLine: {'line': b'  /opt/ros/humble/share/ament_cmake/cmake/ament_cmake_export_dependencies-extras.cmake:15 (find_package)\n'}
[0.196733] (gradient_mapping) StderrLine: {'line': b'  /opt/ros/humble/share/ament_cmake/cmake/ament_cmakeConfig.cmake:41 (include)\n'}
[0.196798] (gradient_mapping) StderrLine: {'line': b'  /opt/ros/humble/share/ament_cmake_auto/cmake/ament_cmake_auto-extras.cmake:17 (find_package)\n'}
[0.196867] (gradient_mapping) StderrLine: {'line': b'  /opt/ros/humble/share/ament_cmake_auto/cmake/ament_cmake_autoConfig.cmake:41 (include)\n'}
[0.196947] (gradient_mapping) StderrLine: {'line': b'  CMakeLists.txt:12 (find_package)\n'}
[0.197018] (gradient_mapping) StderrLine: {'line': b'\n'}
[0.197084] (gradient_mapping) StderrLine: {'line': b'\x1b[0m\n'}
[0.197147] (gradient_mapping) StdoutLine: {'line': b'-- Configuring incomplete, errors occurred!\n'}
[0.197216] (gradient_mapping) StdoutLine: {'line': b'See also "/workspaces/codespace/ros2/project/local_mapping/build/gradient_mapping/CMakeFiles/CMakeOutput.log".\n'}
[0.198745] (gradient_mapping) StderrLine: {'line': b'gmake: *** [Makefile:269: cmake_check_build_system] Error 1\n'}
[0.200154] (-) TimerEvent: {}
[0.200865] (gradient_mapping) CommandEnded: {'returncode': 2}
[0.258453] (gradient_mapping) JobEnded: {'identifier': 'gradient_mapping', 'rc': 2}
[0.268874] (-) EventReactorShutdown: {}
