[0.803s] Invoking command in '/workspaces/codespace/ros2/project/tutorial/build/examples_rclcpp_minimal_timer': AMENT_PREFIX_PATH=/workspaces/codespace/ros2/project/tutorial/install/examples_rclcpp_minimal_timer CMAKE_PREFIX_PATH=/workspaces/codespace/ros2/project/tutorial/install/examples_rclcpp_minimal_timer /usr/bin/ctest -C Release -D ExperimentalTest --no-compress-output -V --force-new-ctest-process
[1.012s] Errors while running CTest
[1.012s] Output from these tests are in: /workspaces/codespace/ros2/project/tutorial/build/examples_rclcpp_minimal_timer/Testing/Temporary/LastTest.log
[1.013s] Use "--rerun-failed --output-on-failure" to re-run the failed cases verbosely.
[1.014s] UpdateCTestConfiguration  from :/workspaces/codespace/ros2/project/tutorial/build/examples_rclcpp_minimal_timer/CTestConfiguration.ini
[1.014s] Parse Config file:/workspaces/codespace/ros2/project/tutorial/build/examples_rclcpp_minimal_timer/CTestConfiguration.ini
[1.014s]    Site: creeper5820-A7S
[1.014s]    Build name: (empty)
[1.015s]  Add coverage exclude regular expressions.
[1.015s] Create new tag: 20240313-1147 - Experimental
[1.015s] UpdateCTestConfiguration  from :/workspaces/codespace/ros2/project/tutorial/build/examples_rclcpp_minimal_timer/CTestConfiguration.ini
[1.015s] Parse Config file:/workspaces/codespace/ros2/project/tutorial/build/examples_rclcpp_minimal_timer/CTestConfiguration.ini
[1.015s] Test project /workspaces/codespace/ros2/project/tutorial/build/examples_rclcpp_minimal_timer
[1.015s] Constructing a list of tests
[1.015s] Done constructing a list of tests
[1.015s] Updating test list for fixtures
[1.015s] Added 0 tests to meet fixture requirements
[1.015s] Checking test dependency graph...
[1.015s] Checking test dependency graph end
[1.015s] test 1
[1.015s]     Start 1: copyright
[1.016s] 
[1.016s] 1: Test command: /usr/bin/python3 "-u" "/opt/ros/humble/share/ament_cmake_test/cmake/run_test.py" "/workspaces/codespace/ros2/project/tutorial/build/examples_rclcpp_minimal_timer/test_results/examples_rclcpp_minimal_timer/copyright.xunit.xml" "--package-name" "examples_rclcpp_minimal_timer" "--output-file" "/workspaces/codespace/ros2/project/tutorial/build/examples_rclcpp_minimal_timer/ament_copyright/copyright.txt" "--command" "/opt/ros/humble/bin/ament_copyright" "--xunit-file" "/workspaces/codespace/ros2/project/tutorial/build/examples_rclcpp_minimal_timer/test_results/examples_rclcpp_minimal_timer/copyright.xunit.xml"
[1.016s] 1: Test timeout computed to be: 200
[1.016s] 1: Traceback (most recent call last):
[1.016s] 1:   File "/opt/ros/humble/share/ament_cmake_test/cmake/run_test.py", line 19, in <module>
[1.016s] 1:     import ament_cmake_test
[1.016s] 1: ModuleNotFoundError: No module named 'ament_cmake_test'
[1.016s] 1/6 Test #1: copyright ........................***Failed    0.03 sec
[1.016s] test 2
[1.016s]     Start 2: cppcheck
[1.016s] 
[1.016s] 2: Test command: /usr/bin/python3 "-u" "/opt/ros/humble/share/ament_cmake_test/cmake/run_test.py" "/workspaces/codespace/ros2/project/tutorial/build/examples_rclcpp_minimal_timer/test_results/examples_rclcpp_minimal_timer/cppcheck.xunit.xml" "--package-name" "examples_rclcpp_minimal_timer" "--output-file" "/workspaces/codespace/ros2/project/tutorial/build/examples_rclcpp_minimal_timer/ament_cppcheck/cppcheck.txt" "--command" "/opt/ros/humble/bin/ament_cppcheck" "--xunit-file" "/workspaces/codespace/ros2/project/tutorial/build/examples_rclcpp_minimal_timer/test_results/examples_rclcpp_minimal_timer/cppcheck.xunit.xml"
[1.016s] 2: Test timeout computed to be: 300
[1.016s] 2: Traceback (most recent call last):
[1.016s] 2:   File "/opt/ros/humble/share/ament_cmake_test/cmake/run_test.py", line 19, in <module>
[1.016s] 2:     import ament_cmake_test
[1.016s] 2: ModuleNotFoundError: No module named 'ament_cmake_test'
[1.016s] 2/6 Test #2: cppcheck .........................***Failed    0.02 sec
[1.016s] test 3
[1.016s]     Start 3: cpplint
[1.017s] 
[1.017s] 3: Test command: /usr/bin/python3 "-u" "/opt/ros/humble/share/ament_cmake_test/cmake/run_test.py" "/workspaces/codespace/ros2/project/tutorial/build/examples_rclcpp_minimal_timer/test_results/examples_rclcpp_minimal_timer/cpplint.xunit.xml" "--package-name" "examples_rclcpp_minimal_timer" "--output-file" "/workspaces/codespace/ros2/project/tutorial/build/examples_rclcpp_minimal_timer/ament_cpplint/cpplint.txt" "--command" "/opt/ros/humble/bin/ament_cpplint" "--xunit-file" "/workspaces/codespace/ros2/project/tutorial/build/examples_rclcpp_minimal_timer/test_results/examples_rclcpp_minimal_timer/cpplint.xunit.xml"
[1.017s] 3: Test timeout computed to be: 120
[1.017s] 3: Traceback (most recent call last):
[1.017s] 3:   File "/opt/ros/humble/share/ament_cmake_test/cmake/run_test.py", line 19, in <module>
[1.017s] 3:     import ament_cmake_test
[1.017s] 3: ModuleNotFoundError: No module named 'ament_cmake_test'
[1.017s] 3/6 Test #3: cpplint ..........................***Failed    0.03 sec
[1.017s] test 4
[1.017s]     Start 4: lint_cmake
[1.017s] 
[1.020s] 4: Test command: /usr/bin/python3 "-u" "/opt/ros/humble/share/ament_cmake_test/cmake/run_test.py" "/workspaces/codespace/ros2/project/tutorial/build/examples_rclcpp_minimal_timer/test_results/examples_rclcpp_minimal_timer/lint_cmake.xunit.xml" "--package-name" "examples_rclcpp_minimal_timer" "--output-file" "/workspaces/codespace/ros2/project/tutorial/build/examples_rclcpp_minimal_timer/ament_lint_cmake/lint_cmake.txt" "--command" "/opt/ros/humble/bin/ament_lint_cmake" "--xunit-file" "/workspaces/codespace/ros2/project/tutorial/build/examples_rclcpp_minimal_timer/test_results/examples_rclcpp_minimal_timer/lint_cmake.xunit.xml"
[1.020s] 4: Test timeout computed to be: 60
[1.020s] 4: Traceback (most recent call last):
[1.020s] 4:   File "/opt/ros/humble/share/ament_cmake_test/cmake/run_test.py", line 19, in <module>
[1.020s] 4:     import ament_cmake_test
[1.020s] 4: ModuleNotFoundError: No module named 'ament_cmake_test'
[1.020s] 4/6 Test #4: lint_cmake .......................***Failed    0.03 sec
[1.020s] test 5
[1.020s]     Start 5: uncrustify
[1.020s] 
[1.020s] 5: Test command: /usr/bin/python3 "-u" "/opt/ros/humble/share/ament_cmake_test/cmake/run_test.py" "/workspaces/codespace/ros2/project/tutorial/build/examples_rclcpp_minimal_timer/test_results/examples_rclcpp_minimal_timer/uncrustify.xunit.xml" "--package-name" "examples_rclcpp_minimal_timer" "--output-file" "/workspaces/codespace/ros2/project/tutorial/build/examples_rclcpp_minimal_timer/ament_uncrustify/uncrustify.txt" "--command" "/opt/ros/humble/bin/ament_uncrustify" "--xunit-file" "/workspaces/codespace/ros2/project/tutorial/build/examples_rclcpp_minimal_timer/test_results/examples_rclcpp_minimal_timer/uncrustify.xunit.xml"
[1.020s] 5: Test timeout computed to be: 60
[1.020s] 5: Traceback (most recent call last):
[1.020s] 5:   File "/opt/ros/humble/share/ament_cmake_test/cmake/run_test.py", line 19, in <module>
[1.020s] 5:     import ament_cmake_test
[1.021s] 5: ModuleNotFoundError: No module named 'ament_cmake_test'
[1.021s] 5/6 Test #5: uncrustify .......................***Failed    0.05 sec
[1.021s] test 6
[1.021s]     Start 6: xmllint
[1.021s] 
[1.021s] 6: Test command: /usr/bin/python3 "-u" "/opt/ros/humble/share/ament_cmake_test/cmake/run_test.py" "/workspaces/codespace/ros2/project/tutorial/build/examples_rclcpp_minimal_timer/test_results/examples_rclcpp_minimal_timer/xmllint.xunit.xml" "--package-name" "examples_rclcpp_minimal_timer" "--output-file" "/workspaces/codespace/ros2/project/tutorial/build/examples_rclcpp_minimal_timer/ament_xmllint/xmllint.txt" "--command" "/opt/ros/humble/bin/ament_xmllint" "--xunit-file" "/workspaces/codespace/ros2/project/tutorial/build/examples_rclcpp_minimal_timer/test_results/examples_rclcpp_minimal_timer/xmllint.xunit.xml"
[1.021s] 6: Test timeout computed to be: 60
[1.021s] 6: Traceback (most recent call last):
[1.021s] 6:   File "/opt/ros/humble/share/ament_cmake_test/cmake/run_test.py", line 19, in <module>
[1.021s] 6:     import ament_cmake_test
[1.021s] 6: ModuleNotFoundError: No module named 'ament_cmake_test'
[1.021s] 6/6 Test #6: xmllint ..........................***Failed    0.02 sec
[1.021s] 
[1.021s] 0% tests passed[0;0m, [0;31m6 tests failed[0;0m out of 6
[1.021s] 
[1.021s] Label Time Summary:
[1.021s] copyright     =   0.03 sec*proc (1 test)
[1.021s] cppcheck      =   0.02 sec*proc (1 test)
[1.021s] cpplint       =   0.03 sec*proc (1 test)
[1.021s] lint_cmake    =   0.03 sec*proc (1 test)
[1.022s] linter        =   0.17 sec*proc (6 tests)
[1.022s] uncrustify    =   0.05 sec*proc (1 test)
[1.022s] xmllint       =   0.02 sec*proc (1 test)
[1.022s] 
[1.022s] Total Test time (real) =   0.18 sec
[1.022s] 
[1.022s] The following tests FAILED:
[1.022s] 	[0;31m  1 - copyright (Failed)[0;0m
[1.022s] 	[0;31m  2 - cppcheck (Failed)[0;0m
[1.022s] 	[0;31m  3 - cpplint (Failed)[0;0m
[1.022s] 	[0;31m  4 - lint_cmake (Failed)[0;0m
[1.022s] 	[0;31m  5 - uncrustify (Failed)[0;0m
[1.022s] 	[0;31m  6 - xmllint (Failed)[0;0m
[1.163s] Invoked command in '/workspaces/codespace/ros2/project/tutorial/build/examples_rclcpp_minimal_timer' returned '8': AMENT_PREFIX_PATH=/workspaces/codespace/ros2/project/tutorial/install/examples_rclcpp_minimal_timer CMAKE_PREFIX_PATH=/workspaces/codespace/ros2/project/tutorial/install/examples_rclcpp_minimal_timer /usr/bin/ctest -C Release -D ExperimentalTest --no-compress-output -V --force-new-ctest-process
