[0.051s] Invoking command in '/workspaces/codespace/ros2/project/local_mapping/build/gradient_mapping': CMAKE_PREFIX_PATH=${CMAKE_PREFIX_PATH}:/opt/ros/humble /usr/bin/cmake --build /workspaces/codespace/ros2/project/local_mapping/build/gradient_mapping -- -j16 -l16
[0.100s] [  2%] Built target gradient_mapping__cpp
[0.100s] [ 12%] Built target gradient_mapping__rosidl_generator_c
[0.104s] [ 14%] [32mBuilding CXX object CMakeFiles/run.dir/src/main.cpp.o[0m
[0.108s] [ 14%] Built target ament_cmake_python_symlink_gradient_mapping
[0.121s] [ 24%] Built target gradient_mapping__rosidl_typesupport_introspection_c
[0.121s] [ 43%] Built target gradient_mapping__rosidl_typesupport_c
[0.121s] [ 43%] Built target gradient_mapping__rosidl_typesupport_fastrtps_cpp
[0.122s] [ 53%] Built target gradient_mapping__rosidl_typesupport_introspection_cpp
[0.122s] [ 63%] Built target gradient_mapping__rosidl_typesupport_cpp
[0.132s] [ 73%] Built target gradient_mapping__rosidl_typesupport_fastrtps_c
[0.153s] [ 73%] Built target gradient_mapping
[0.175s] [ 75%] Built target gradient_mapping__py
[0.197s] [ 82%] Built target gradient_mapping__rosidl_generator_py
[0.220s] [ 97%] Built target gradient_mapping__rosidl_typesupport_fastrtps_c__pyext
[0.220s] [ 97%] Built target gradient_mapping__rosidl_typesupport_introspection_c__pyext
[0.220s] [ 97%] Built target gradient_mapping__rosidl_typesupport_c__pyext
[0.293s] running egg_info
[0.293s] writing gradient_mapping.egg-info/PKG-INFO
[0.293s] writing dependency_links to gradient_mapping.egg-info/dependency_links.txt
[0.294s] writing top-level names to gradient_mapping.egg-info/top_level.txt
[0.296s] reading manifest file 'gradient_mapping.egg-info/SOURCES.txt'
[0.297s] writing manifest file 'gradient_mapping.egg-info/SOURCES.txt'
[0.320s] [ 97%] Built target ament_cmake_python_build_gradient_mapping_egg
[1.895s] [01m[K/workspaces/codespace/ros2/project/local_mapping/src/gradient_mapping/src/main.cpp:[m[K In function â€˜[01m[Kint main()[m[Kâ€™:
[1.895s] [01m[K/workspaces/codespace/ros2/project/local_mapping/src/gradient_mapping/src/main.cpp:8:14:[m[K [01;31m[Kerror: [m[Kâ€˜[01m[Kgradient_mapping[m[Kâ€™ has not been declared
[1.895s]     8 |     auto a = [01;31m[Kgradient_mapping[m[K::msg::CustomPoint;
[1.896s]       |              [01;31m[K^~~~~~~~~~~~~~~~[m[K
[2.214s] gmake[2]: *** [CMakeFiles/run.dir/build.make:76: CMakeFiles/run.dir/src/main.cpp.o] Error 1
[2.214s] gmake[1]: *** [CMakeFiles/Makefile2:592: CMakeFiles/run.dir/all] Error 2
[2.214s] gmake: *** [Makefile:146: all] Error 2
[2.216s] Invoked command in '/workspaces/codespace/ros2/project/local_mapping/build/gradient_mapping' returned '2': CMAKE_PREFIX_PATH=${CMAKE_PREFIX_PATH}:/opt/ros/humble /usr/bin/cmake --build /workspaces/codespace/ros2/project/local_mapping/build/gradient_mapping -- -j16 -l16
