[0.052s] Invoking command in '/workspaces/codespace/ros2/project/local_mapping/build/messages': CMAKE_PREFIX_PATH=${CMAKE_PREFIX_PATH}:/opt/ros/humble /usr/bin/cmake /workspaces/codespace/ros2/project/local_mapping/src/messages -DAMENT_CMAKE_SYMLINK_INSTALL=1 -DCMAKE_INSTALL_PREFIX=/workspaces/codespace/ros2/project/local_mapping/install/messages
[0.062s] -- Found ament_cmake: 1.3.8 (/opt/ros/humble/share/ament_cmake/cmake)
[0.159s] -- Override CMake install command with custom implementation using symlinks instead of copying resources
[0.165s] -- Found builtin_interfaces: 1.2.1 (/opt/ros/humble/share/builtin_interfaces/cmake)
[0.187s] -- Found rosidl_generator_c: 3.1.5 (/opt/ros/humble/share/rosidl_generator_c/cmake)
[0.189s] -- Found rosidl_adapter: 3.1.5 (/opt/ros/humble/share/rosidl_adapter/cmake)
[0.194s] -- Found rosidl_generator_cpp: 3.1.5 (/opt/ros/humble/share/rosidl_generator_cpp/cmake)
[0.203s] -- Using all available rosidl_typesupport_c: rosidl_typesupport_fastrtps_c;rosidl_typesupport_introspection_c
[0.216s] -- Using all available rosidl_typesupport_cpp: rosidl_typesupport_fastrtps_cpp;rosidl_typesupport_introspection_cpp
[0.228s] -- Found lifecycle_msgs: 1.2.1 (/opt/ros/humble/share/lifecycle_msgs/cmake)
[0.240s] -- Found rosidl_default_generators: 1.2.0 (/opt/ros/humble/share/rosidl_default_generators/cmake)
[0.463s] -- Found ament_cmake_cppcheck: 0.12.10 (/opt/ros/humble/share/ament_cmake_cppcheck/cmake)
[0.466s] -- Found ament_cmake_cpplint: 0.12.10 (/opt/ros/humble/share/ament_cmake_cpplint/cmake)
[0.469s] -- Found ament_cmake_uncrustify: 0.12.10 (/opt/ros/humble/share/ament_cmake_uncrustify/cmake)
[0.472s] -- Found ament_cmake_ros: 0.10.0 (/opt/ros/humble/share/ament_cmake_ros/cmake)
[0.742s] -- Using all available rosidl_typesupport_c: rosidl_typesupport_fastrtps_c;rosidl_typesupport_introspection_c
[0.844s] -- Using all available rosidl_typesupport_cpp: rosidl_typesupport_fastrtps_cpp;rosidl_typesupport_introspection_cpp
[0.863s] -- Found PythonInterp: /usr/bin/python3 (found suitable version "3.10.12", minimum required is "3.6") 
[0.865s] -- Found python_cmake_module: 0.10.0 (/opt/ros/humble/share/python_cmake_module/cmake)
[0.885s] -- Found PythonLibs: /usr/lib/x86_64-linux-gnu/libpython3.10.so (found suitable version "3.10.12", minimum required is "3.5") 
[0.885s] -- Using PYTHON_EXECUTABLE: /usr/bin/python3
[0.885s] -- Using PYTHON_INCLUDE_DIRS: /usr/include/python3.10
[0.885s] -- Using PYTHON_LIBRARIES: /usr/lib/x86_64-linux-gnu/libpython3.10.so
[0.901s] -- Found PythonExtra: .so  
[0.935s] -- Found ament_cmake_flake8: 0.12.10 (/opt/ros/humble/share/ament_cmake_flake8/cmake)
[0.937s] -- Found ament_cmake_pep257: 0.12.10 (/opt/ros/humble/share/ament_cmake_pep257/cmake)
[0.947s] -- Configuring done
[0.979s] -- Generating done
[0.981s] -- Build files have been written to: /workspaces/codespace/ros2/project/local_mapping/build/messages
[0.987s] Invoked command in '/workspaces/codespace/ros2/project/local_mapping/build/messages' returned '0': CMAKE_PREFIX_PATH=${CMAKE_PREFIX_PATH}:/opt/ros/humble /usr/bin/cmake /workspaces/codespace/ros2/project/local_mapping/src/messages -DAMENT_CMAKE_SYMLINK_INSTALL=1 -DCMAKE_INSTALL_PREFIX=/workspaces/codespace/ros2/project/local_mapping/install/messages
[0.988s] Invoking command in '/workspaces/codespace/ros2/project/local_mapping/build/messages': CMAKE_PREFIX_PATH=${CMAKE_PREFIX_PATH}:/opt/ros/humble /usr/bin/cmake --build /workspaces/codespace/ros2/project/local_mapping/build/messages -- -j16 -l16
[1.026s] [  2%] [34m[1mGenerating C code for ROS interfaces[0m
[1.036s] [  5%] [34m[1mGenerating C++ code for ROS interfaces[0m
[1.045s] [  5%] Built target ament_cmake_python_symlink_messages
[1.220s] running egg_info
[1.220s] creating messages.egg-info
[1.220s] writing messages.egg-info/PKG-INFO
[1.221s] writing dependency_links to messages.egg-info/dependency_links.txt
[1.221s] writing top-level names to messages.egg-info/top_level.txt
[1.221s] writing manifest file 'messages.egg-info/SOURCES.txt'
[1.223s] reading manifest file 'messages.egg-info/SOURCES.txt'
[1.224s] writing manifest file 'messages.egg-info/SOURCES.txt'
[1.248s] [  5%] Built target ament_cmake_python_build_messages_egg
[1.348s] [  5%] Built target messages__cpp
[1.357s] [ 10%] [34m[1mGenerating C++ type support dispatch for ROS interfaces[0m
[1.357s] [ 10%] [34m[1mGenerating C++ type support for eProsima Fast-RTPS[0m
[1.357s] [ 12%] [34m[1mGenerating C++ introspection for ROS interfaces[0m
[1.371s] [ 17%] [32mBuilding C object CMakeFiles/messages__rosidl_generator_c.dir/rosidl_generator_c/messages/msg/detail/custom_msg__functions.c.o[0m
[1.371s] [ 17%] [32mBuilding C object CMakeFiles/messages__rosidl_generator_c.dir/rosidl_generator_c/messages/msg/detail/custom_point__functions.c.o[0m
[1.386s] In file included from [01m[K/workspaces/codespace/ros2/project/local_mapping/build/messages/rosidl_generator_c/messages/msg/detail/custom_msg__functions.h:19[m[K,
[1.386s]                  from [01m[K/workspaces/codespace/ros2/project/local_mapping/build/messages/rosidl_generator_c/messages/msg/detail/custom_msg__functions.c:4[m[K:
[1.386s] [01m[K/workspaces/codespace/ros2/project/local_mapping/build/messages/rosidl_generator_c/messages/msg/detail/custom_msg__struct.h:22:10:[m[K [01;31m[Kfatal error: [m[Kstd_msgs/msg/detail/header__struct.h: No such file or directory
[1.386s]    22 | #include [01;31m[K"std_msgs/msg/detail/header__struct.h"[m[K
[1.386s]       |          [01;31m[K^~~~~~~~~~~~~~~~~~~~~~~~~~~~~~~~~~~~~~[m[K
[1.386s] compilation terminated.
[1.387s] gmake[2]: *** [CMakeFiles/messages__rosidl_generator_c.dir/build.make:145: CMakeFiles/messages__rosidl_generator_c.dir/rosidl_generator_c/messages/msg/detail/custom_msg__functions.c.o] Error 1
[1.387s] gmake[2]: *** Waiting for unfinished jobs....
[1.406s] gmake[1]: *** [CMakeFiles/Makefile2:213: CMakeFiles/messages__rosidl_generator_c.dir/all] Error 2
[1.406s] gmake[1]: *** Waiting for unfinished jobs....
[1.646s] [ 20%] [32mBuilding CXX object CMakeFiles/messages__rosidl_typesupport_cpp.dir/rosidl_typesupport_cpp/messages/msg/custom_point__type_support.cpp.o[0m
[1.647s] [ 23%] [32mBuilding CXX object CMakeFiles/messages__rosidl_typesupport_cpp.dir/rosidl_typesupport_cpp/messages/msg/custom_msg__type_support.cpp.o[0m
[1.662s] [ 25%] [32mBuilding CXX object CMakeFiles/messages__rosidl_typesupport_introspection_cpp.dir/rosidl_typesupport_introspection_cpp/messages/msg/detail/custom_point__type_support.cpp.o[0m
[1.663s] [ 28%] [32mBuilding CXX object CMakeFiles/messages__rosidl_typesupport_introspection_cpp.dir/rosidl_typesupport_introspection_cpp/messages/msg/detail/custom_msg__type_support.cpp.o[0m
[1.681s] [ 33%] [32mBuilding CXX object CMakeFiles/messages__rosidl_typesupport_fastrtps_cpp.dir/rosidl_typesupport_fastrtps_cpp/messages/msg/detail/dds_fastrtps/custom_msg__type_support.cpp.o[0m
[1.681s] [ 33%] [32mBuilding CXX object CMakeFiles/messages__rosidl_typesupport_fastrtps_cpp.dir/rosidl_typesupport_fastrtps_cpp/messages/msg/detail/dds_fastrtps/custom_point__type_support.cpp.o[0m
[1.700s] In file included from [01m[K/workspaces/codespace/ros2/project/local_mapping/build/messages/rosidl_typesupport_cpp/messages/msg/custom_msg__type_support.cpp:7[m[K:
[1.700s] [01m[K/workspaces/codespace/ros2/project/local_mapping/build/messages/rosidl_generator_cpp/messages/msg/detail/custom_msg__struct.hpp:20:10:[m[K [01;31m[Kfatal error: [m[Kstd_msgs/msg/detail/header__struct.hpp: No such file or directory
[1.701s]    20 | #include [01;31m[K"std_msgs/msg/detail/header__struct.hpp"[m[K
[1.701s]       |          [01;31m[K^~~~~~~~~~~~~~~~~~~~~~~~~~~~~~~~~~~~~~~~[m[K
[1.701s] compilation terminated.
[1.702s] gmake[2]: *** [CMakeFiles/messages__rosidl_typesupport_cpp.dir/build.make:114: CMakeFiles/messages__rosidl_typesupport_cpp.dir/rosidl_typesupport_cpp/messages/msg/custom_msg__type_support.cpp.o] Error 1
[1.702s] gmake[2]: *** Waiting for unfinished jobs....
[1.722s] In file included from [01m[K/workspaces/codespace/ros2/project/local_mapping/build/messages/rosidl_typesupport_introspection_cpp/messages/msg/detail/custom_msg__type_support.cpp:12[m[K:
[1.723s] [01m[K/workspaces/codespace/ros2/project/local_mapping/build/messages/rosidl_generator_cpp/messages/msg/detail/custom_msg__struct.hpp:20:10:[m[K [01;31m[Kfatal error: [m[Kstd_msgs/msg/detail/header__struct.hpp: No such file or directory
[1.723s]    20 | #include [01;31m[K"std_msgs/msg/detail/header__struct.hpp"[m[K
[1.723s]       |          [01;31m[K^~~~~~~~~~~~~~~~~~~~~~~~~~~~~~~~~~~~~~~~[m[K
[1.723s] compilation terminated.
[1.724s] gmake[2]: *** [CMakeFiles/messages__rosidl_typesupport_introspection_cpp.dir/build.make:122: CMakeFiles/messages__rosidl_typesupport_introspection_cpp.dir/rosidl_typesupport_introspection_cpp/messages/msg/detail/custom_msg__type_support.cpp.o] Error 1
[1.724s] gmake[2]: *** Waiting for unfinished jobs....
[1.737s] In file included from [01m[K/workspaces/codespace/ros2/project/local_mapping/build/messages/rosidl_typesupport_fastrtps_cpp/messages/msg/detail/custom_msg__rosidl_typesupport_fastrtps_cpp.hpp:11[m[K,
[1.737s]                  from [01m[K/workspaces/codespace/ros2/project/local_mapping/build/messages/rosidl_typesupport_fastrtps_cpp/messages/msg/detail/dds_fastrtps/custom_msg__type_support.cpp:4[m[K:
[1.737s] [01m[K/workspaces/codespace/ros2/project/local_mapping/build/messages/rosidl_generator_cpp/messages/msg/detail/custom_msg__struct.hpp:20:10:[m[K [01;31m[Kfatal error: [m[Kstd_msgs/msg/detail/header__struct.hpp: No such file or directory
[1.738s]    20 | #include [01;31m[K"std_msgs/msg/detail/header__struct.hpp"[m[K
[1.738s]       |          [01;31m[K^~~~~~~~~~~~~~~~~~~~~~~~~~~~~~~~~~~~~~~~[m[K
[1.738s] compilation terminated.
[1.739s] gmake[2]: *** [CMakeFiles/messages__rosidl_typesupport_fastrtps_cpp.dir/build.make:122: CMakeFiles/messages__rosidl_typesupport_fastrtps_cpp.dir/rosidl_typesupport_fastrtps_cpp/messages/msg/detail/dds_fastrtps/custom_msg__type_support.cpp.o] Error 1
[1.739s] gmake[2]: *** Waiting for unfinished jobs....
[1.867s] gmake[1]: *** [CMakeFiles/Makefile2:395: CMakeFiles/messages__rosidl_typesupport_cpp.dir/all] Error 2
[1.947s] gmake[1]: *** [CMakeFiles/Makefile2:369: CMakeFiles/messages__rosidl_typesupport_introspection_cpp.dir/all] Error 2
[1.983s] gmake[1]: *** [CMakeFiles/Makefile2:291: CMakeFiles/messages__rosidl_typesupport_fastrtps_cpp.dir/all] Error 2
[1.983s] gmake: *** [Makefile:146: all] Error 2
[1.985s] Invoked command in '/workspaces/codespace/ros2/project/local_mapping/build/messages' returned '2': CMAKE_PREFIX_PATH=${CMAKE_PREFIX_PATH}:/opt/ros/humble /usr/bin/cmake --build /workspaces/codespace/ros2/project/local_mapping/build/messages -- -j16 -l16
