[0.792s] Invoking command in '/workspaces/codespace/ros2/project/tutorial/build/examples_rclcpp_minimal_client': AMENT_PREFIX_PATH=/workspaces/codespace/ros2/project/tutorial/install/examples_rclcpp_minimal_client CMAKE_PREFIX_PATH=/workspaces/codespace/ros2/project/tutorial/install/examples_rclcpp_minimal_client /usr/bin/ctest -C Release -D ExperimentalTest --no-compress-output -V --force-new-ctest-process
[0.872s] UpdateCTestConfiguration  from :/workspaces/codespace/ros2/project/tutorial/build/examples_rclcpp_minimal_client/CTestConfiguration.ini
[0.872s] Parse Config file:/workspaces/codespace/ros2/project/tutorial/build/examples_rclcpp_minimal_client/CTestConfiguration.ini
[0.872s]    Site: creeper5820-A7S
[0.872s]    Build name: (empty)
[0.872s]  Add coverage exclude regular expressions.
[0.873s] Create new tag: 20240313-1147 - Experimental
[0.873s] UpdateCTestConfiguration  from :/workspaces/codespace/ros2/project/tutorial/build/examples_rclcpp_minimal_client/CTestConfiguration.ini
[0.873s] Parse Config file:/workspaces/codespace/ros2/project/tutorial/build/examples_rclcpp_minimal_client/CTestConfiguration.ini
[0.873s] Test project /workspaces/codespace/ros2/project/tutorial/build/examples_rclcpp_minimal_client
[0.873s] Constructing a list of tests
[0.873s] Done constructing a list of tests
[0.873s] Updating test list for fixtures
[0.873s] Added 0 tests to meet fixture requirements
[0.873s] Checking test dependency graph...
[0.873s] Checking test dependency graph end
[0.874s] test 1
[0.874s]     Start 1: copyright
[0.874s] 
[0.874s] 1: Test command: /usr/bin/python3 "-u" "/opt/ros/humble/share/ament_cmake_test/cmake/run_test.py" "/workspaces/codespace/ros2/project/tutorial/build/examples_rclcpp_minimal_client/test_results/examples_rclcpp_minimal_client/copyright.xunit.xml" "--package-name" "examples_rclcpp_minimal_client" "--output-file" "/workspaces/codespace/ros2/project/tutorial/build/examples_rclcpp_minimal_client/ament_copyright/copyright.txt" "--command" "/opt/ros/humble/bin/ament_copyright" "--xunit-file" "/workspaces/codespace/ros2/project/tutorial/build/examples_rclcpp_minimal_client/test_results/examples_rclcpp_minimal_client/copyright.xunit.xml"
[0.874s] 1: Test timeout computed to be: 200
[0.882s] 1: Traceback (most recent call last):
[0.883s] 1:   File "/opt/ros/humble/share/ament_cmake_test/cmake/run_test.py", line 19, in <module>
[0.883s] 1:     import ament_cmake_test
[0.884s] 1: ModuleNotFoundError: No module named 'ament_cmake_test'
[0.887s] 1/6 Test #1: copyright ........................***Failed    0.03 sec
[0.887s] test 2
[0.887s]     Start 2: cppcheck
[0.888s] 
[0.888s] 2: Test command: /usr/bin/python3 "-u" "/opt/ros/humble/share/ament_cmake_test/cmake/run_test.py" "/workspaces/codespace/ros2/project/tutorial/build/examples_rclcpp_minimal_client/test_results/examples_rclcpp_minimal_client/cppcheck.xunit.xml" "--package-name" "examples_rclcpp_minimal_client" "--output-file" "/workspaces/codespace/ros2/project/tutorial/build/examples_rclcpp_minimal_client/ament_cppcheck/cppcheck.txt" "--command" "/opt/ros/humble/bin/ament_cppcheck" "--xunit-file" "/workspaces/codespace/ros2/project/tutorial/build/examples_rclcpp_minimal_client/test_results/examples_rclcpp_minimal_client/cppcheck.xunit.xml"
[0.888s] 2: Test timeout computed to be: 300
[0.900s] 2: Traceback (most recent call last):
[0.901s] 2:   File "/opt/ros/humble/share/ament_cmake_test/cmake/run_test.py", line 19, in <module>
[0.901s] 2:     import ament_cmake_test
[0.901s] 2: ModuleNotFoundError: No module named 'ament_cmake_test'
[0.921s] 2/6 Test #2: cppcheck .........................***Failed    0.02 sec
[0.921s] test 3
[0.921s]     Start 3: cpplint
[0.921s] 
[0.921s] 3: Test command: /usr/bin/python3 "-u" "/opt/ros/humble/share/ament_cmake_test/cmake/run_test.py" "/workspaces/codespace/ros2/project/tutorial/build/examples_rclcpp_minimal_client/test_results/examples_rclcpp_minimal_client/cpplint.xunit.xml" "--package-name" "examples_rclcpp_minimal_client" "--output-file" "/workspaces/codespace/ros2/project/tutorial/build/examples_rclcpp_minimal_client/ament_cpplint/cpplint.txt" "--command" "/opt/ros/humble/bin/ament_cpplint" "--xunit-file" "/workspaces/codespace/ros2/project/tutorial/build/examples_rclcpp_minimal_client/test_results/examples_rclcpp_minimal_client/cpplint.xunit.xml"
[0.922s] 3: Test timeout computed to be: 120
[0.935s] 3: Traceback (most recent call last):
[0.935s] 3:   File "/opt/ros/humble/share/ament_cmake_test/cmake/run_test.py", line 19, in <module>
[0.936s] 3:     import ament_cmake_test
[0.936s] 3: ModuleNotFoundError: No module named 'ament_cmake_test'
[0.937s] 3/6 Test #3: cpplint ..........................***Failed    0.03 sec
[0.938s] test 4
[0.938s]     Start 4: lint_cmake
[0.938s] 
[0.938s] 4: Test command: /usr/bin/python3 "-u" "/opt/ros/humble/share/ament_cmake_test/cmake/run_test.py" "/workspaces/codespace/ros2/project/tutorial/build/examples_rclcpp_minimal_client/test_results/examples_rclcpp_minimal_client/lint_cmake.xunit.xml" "--package-name" "examples_rclcpp_minimal_client" "--output-file" "/workspaces/codespace/ros2/project/tutorial/build/examples_rclcpp_minimal_client/ament_lint_cmake/lint_cmake.txt" "--command" "/opt/ros/humble/bin/ament_lint_cmake" "--xunit-file" "/workspaces/codespace/ros2/project/tutorial/build/examples_rclcpp_minimal_client/test_results/examples_rclcpp_minimal_client/lint_cmake.xunit.xml"
[0.938s] 4: Test timeout computed to be: 60
[0.957s] 4: Traceback (most recent call last):
[0.957s] 4:   File "/opt/ros/humble/share/ament_cmake_test/cmake/run_test.py", line 19, in <module>
[0.957s] 4:     import ament_cmake_test
[0.958s] 4: ModuleNotFoundError: No module named 'ament_cmake_test'
[0.958s] 4/6 Test #4: lint_cmake .......................***Failed    0.04 sec
[0.958s] test 5
[0.958s]     Start 5: uncrustify
[0.958s] 
[0.958s] 5: Test command: /usr/bin/python3 "-u" "/opt/ros/humble/share/ament_cmake_test/cmake/run_test.py" "/workspaces/codespace/ros2/project/tutorial/build/examples_rclcpp_minimal_client/test_results/examples_rclcpp_minimal_client/uncrustify.xunit.xml" "--package-name" "examples_rclcpp_minimal_client" "--output-file" "/workspaces/codespace/ros2/project/tutorial/build/examples_rclcpp_minimal_client/ament_uncrustify/uncrustify.txt" "--command" "/opt/ros/humble/bin/ament_uncrustify" "--xunit-file" "/workspaces/codespace/ros2/project/tutorial/build/examples_rclcpp_minimal_client/test_results/examples_rclcpp_minimal_client/uncrustify.xunit.xml"
[0.958s] 5: Test timeout computed to be: 60
[0.979s] 5: Traceback (most recent call last):
[0.979s] 5:   File "/opt/ros/humble/share/ament_cmake_test/cmake/run_test.py", line 19, in <module>
[0.980s] 5:     import ament_cmake_test
[0.980s] 5: ModuleNotFoundError: No module named 'ament_cmake_test'
[0.985s] 5/6 Test #5: uncrustify .......................***Failed    0.05 sec
[0.985s] test 6
[0.985s]     Start 6: xmllint
[0.985s] 
[0.985s] 6: Test command: /usr/bin/python3 "-u" "/opt/ros/humble/share/ament_cmake_test/cmake/run_test.py" "/workspaces/codespace/ros2/project/tutorial/build/examples_rclcpp_minimal_client/test_results/examples_rclcpp_minimal_client/xmllint.xunit.xml" "--package-name" "examples_rclcpp_minimal_client" "--output-file" "/workspaces/codespace/ros2/project/tutorial/build/examples_rclcpp_minimal_client/ament_xmllint/xmllint.txt" "--command" "/opt/ros/humble/bin/ament_xmllint" "--xunit-file" "/workspaces/codespace/ros2/project/tutorial/build/examples_rclcpp_minimal_client/test_results/examples_rclcpp_minimal_client/xmllint.xunit.xml"
[0.985s] 6: Test timeout computed to be: 60
[0.991s] 6: Traceback (most recent call last):
[0.991s] 6:   File "/opt/ros/humble/share/ament_cmake_test/cmake/run_test.py", line 19, in <module>
[0.991s] 6:     import ament_cmake_test
[0.991s] 6: ModuleNotFoundError: No module named 'ament_cmake_test'
[0.991s] 6/6 Test #6: xmllint ..........................***Failed    0.02 sec
[0.991s] 
[0.991s] 0% tests passed[0;0m, [0;31m6 tests failed[0;0m out of 6
[0.991s] 
[0.991s] Label Time Summary:
[0.991s] copyright     =   0.03 sec*proc (1 test)
[0.991s] cppcheck      =   0.02 sec*proc (1 test)
[0.992s] cpplint       =   0.03 sec*proc (1 test)
[0.992s] lint_cmake    =   0.04 sec*proc (1 test)
[0.992s] linter        =   0.18 sec*proc (6 tests)
[0.992s] uncrustify    =   0.05 sec*proc (1 test)
[0.992s] xmllint       =   0.02 sec*proc (1 test)
[0.992s] 
[0.992s] Total Test time (real) =   0.19 sec
[0.992s] 
[0.992s] The following tests FAILED:
[0.992s] 	[0;31m  1 - copyright (Failed)[0;0m
[0.992s] 	[0;31m  2 - cppcheck (Failed)[0;0m
[0.992s] 	[0;31m  3 - cpplint (Failed)[0;0m
[0.992s] 	[0;31m  4 - lint_cmake (Failed)[0;0m
[0.992s] 	[0;31m  5 - uncrustify (Failed)[0;0m
[0.993s] 	[0;31m  6 - xmllint (Failed)[0;0m
[0.993s] Errors while running CTest
[0.993s] Output from these tests are in: /workspaces/codespace/ros2/project/tutorial/build/examples_rclcpp_minimal_client/Testing/Temporary/LastTest.log
[0.993s] Use "--rerun-failed --output-on-failure" to re-run the failed cases verbosely.
[1.085s] Invoked command in '/workspaces/codespace/ros2/project/tutorial/build/examples_rclcpp_minimal_client' returned '8': AMENT_PREFIX_PATH=/workspaces/codespace/ros2/project/tutorial/install/examples_rclcpp_minimal_client CMAKE_PREFIX_PATH=/workspaces/codespace/ros2/project/tutorial/install/examples_rclcpp_minimal_client /usr/bin/ctest -C Release -D ExperimentalTest --no-compress-output -V --force-new-ctest-process
