[0.039s] Invoking command in '/workspaces/codespace/ros2/project/local_mapping/build/gradient_mapping': CMAKE_PREFIX_PATH=/opt/ros/humble /usr/bin/cmake --build /workspaces/codespace/ros2/project/local_mapping/build/gradient_mapping -- -j16 -l16
[0.076s] [35m[1mConsolidate compiler generated dependencies of target run[0m
[0.076s] [35m[1mConsolidate compiler generated dependencies of target gradient_mapping__rosidl_generator_c[0m
[0.086s] [  7%] Built target run
[0.086s] [  7%] Built target gradient_mapping__cpp
[0.086s] [  9%] [32mBuilding C object CMakeFiles/gradient_mapping__rosidl_generator_c.dir/rosidl_generator_c/gradient_mapping/msg/detail/custom_msg__functions.c.o[0m
[0.094s] [  9%] Built target ament_cmake_python_symlink_gradient_mapping
[0.095s] [35m[1mConsolidate compiler generated dependencies of target gradient_mapping__rosidl_typesupport_cpp[0m
[0.095s] [35m[1mConsolidate compiler generated dependencies of target gradient_mapping__rosidl_typesupport_fastrtps_cpp[0m
[0.095s] [35m[1mConsolidate compiler generated dependencies of target gradient_mapping__rosidl_typesupport_introspection_cpp[0m
[0.099s] In file included from [01m[K/workspaces/codespace/ros2/project/local_mapping/build/gradient_mapping/rosidl_generator_c/gradient_mapping/msg/detail/custom_msg__functions.h:19[m[K,
[0.099s]                  from [01m[K/workspaces/codespace/ros2/project/local_mapping/build/gradient_mapping/rosidl_generator_c/gradient_mapping/msg/detail/custom_msg__functions.c:4[m[K:
[0.099s] [01m[K/workspaces/codespace/ros2/project/local_mapping/build/gradient_mapping/rosidl_generator_c/gradient_mapping/msg/detail/custom_msg__struct.h:22:10:[m[K [01;31m[Kfatal error: [m[Kstd_msgs/msg/detail/header__struct.h: No such file or directory
[0.099s]    22 | #include [01;31m[K"std_msgs/msg/detail/header__struct.h"[m[K
[0.099s]       |          [01;31m[K^~~~~~~~~~~~~~~~~~~~~~~~~~~~~~~~~~~~~~[m[K
[0.099s] compilation terminated.
[0.100s] gmake[2]: *** [CMakeFiles/gradient_mapping__rosidl_generator_c.dir/build.make:135: CMakeFiles/gradient_mapping__rosidl_generator_c.dir/rosidl_generator_c/gradient_mapping/msg/detail/custom_msg__functions.c.o] Error 1
[0.100s] gmake[1]: *** [CMakeFiles/Makefile2:215: CMakeFiles/gradient_mapping__rosidl_generator_c.dir/all] Error 2
[0.100s] gmake[1]: *** Waiting for unfinished jobs....
[0.107s] [ 17%] [32mBuilding CXX object CMakeFiles/gradient_mapping__rosidl_typesupport_fastrtps_cpp.dir/rosidl_typesupport_fastrtps_cpp/gradient_mapping/msg/detail/dds_fastrtps/custom_msg__type_support.cpp.o[0m
[0.107s] [ 17%] [32mBuilding CXX object CMakeFiles/gradient_mapping__rosidl_typesupport_cpp.dir/rosidl_typesupport_cpp/gradient_mapping/msg/custom_msg__type_support.cpp.o[0m
[0.108s] [ 17%] [32mBuilding CXX object CMakeFiles/gradient_mapping__rosidl_typesupport_introspection_cpp.dir/rosidl_typesupport_introspection_cpp/gradient_mapping/msg/detail/custom_msg__type_support.cpp.o[0m
[0.158s] In file included from [01m[K/workspaces/codespace/ros2/project/local_mapping/build/gradient_mapping/rosidl_typesupport_cpp/gradient_mapping/msg/custom_msg__type_support.cpp:7[m[K:
[0.158s] [01m[K/workspaces/codespace/ros2/project/local_mapping/build/gradient_mapping/rosidl_generator_cpp/gradient_mapping/msg/detail/custom_msg__struct.hpp:20:10:[m[K [01;31m[Kfatal error: [m[Kstd_msgs/msg/detail/header__struct.hpp: No such file or directory
[0.158s]    20 | #include [01;31m[K"std_msgs/msg/detail/header__struct.hpp"[m[K
[0.159s]       |          [01;31m[K^~~~~~~~~~~~~~~~~~~~~~~~~~~~~~~~~~~~~~~~[m[K
[0.159s] compilation terminated.
[0.159s] In file included from [01m[K/workspaces/codespace/ros2/project/local_mapping/build/gradient_mapping/rosidl_typesupport_fastrtps_cpp/gradient_mapping/msg/detail/custom_msg__rosidl_typesupport_fastrtps_cpp.hpp:11[m[K,
[0.160s]                  from [01m[K/workspaces/codespace/ros2/project/local_mapping/build/gradient_mapping/rosidl_typesupport_fastrtps_cpp/gradient_mapping/msg/detail/dds_fastrtps/custom_msg__type_support.cpp:4[m[K:
[0.160s] [01m[K/workspaces/codespace/ros2/project/local_mapping/build/gradient_mapping/rosidl_generator_cpp/gradient_mapping/msg/detail/custom_msg__struct.hpp:20:10:[m[K [01;31m[Kfatal error: [m[Kstd_msgs/msg/detail/header__struct.hpp: No such file or directory
[0.160s]    20 | #include [01;31m[K"std_msgs/msg/detail/header__struct.hpp"[m[K
[0.161s]       |          [01;31m[K^~~~~~~~~~~~~~~~~~~~~~~~~~~~~~~~~~~~~~~~[m[K
[0.161s] compilation terminated.
[0.161s] gmake[2]: *** [CMakeFiles/gradient_mapping__rosidl_typesupport_cpp.dir/build.make:104: CMakeFiles/gradient_mapping__rosidl_typesupport_cpp.dir/rosidl_typesupport_cpp/gradient_mapping/msg/custom_msg__type_support.cpp.o] Error 1
[0.161s] gmake[1]: *** [CMakeFiles/Makefile2:397: CMakeFiles/gradient_mapping__rosidl_typesupport_cpp.dir/all] Error 2
[0.161s] gmake[2]: *** [CMakeFiles/gradient_mapping__rosidl_typesupport_fastrtps_cpp.dir/build.make:112: CMakeFiles/gradient_mapping__rosidl_typesupport_fastrtps_cpp.dir/rosidl_typesupport_fastrtps_cpp/gradient_mapping/msg/detail/dds_fastrtps/custom_msg__type_support.cpp.o] Error 1
[0.161s] gmake[1]: *** [CMakeFiles/Makefile2:345: CMakeFiles/gradient_mapping__rosidl_typesupport_fastrtps_cpp.dir/all] Error 2
[0.162s] In file included from [01m[K/workspaces/codespace/ros2/project/local_mapping/build/gradient_mapping/rosidl_typesupport_introspection_cpp/gradient_mapping/msg/detail/custom_msg__type_support.cpp:12[m[K:
[0.162s] [01m[K/workspaces/codespace/ros2/project/local_mapping/build/gradient_mapping/rosidl_generator_cpp/gradient_mapping/msg/detail/custom_msg__struct.hpp:20:10:[m[K [01;31m[Kfatal error: [m[Kstd_msgs/msg/detail/header__struct.hpp: No such file or directory
[0.162s]    20 | #include [01;31m[K"std_msgs/msg/detail/header__struct.hpp"[m[K
[0.162s]       |          [01;31m[K^~~~~~~~~~~~~~~~~~~~~~~~~~~~~~~~~~~~~~~~[m[K
[0.162s] compilation terminated.
[0.163s] gmake[2]: *** [CMakeFiles/gradient_mapping__rosidl_typesupport_introspection_cpp.dir/build.make:112: CMakeFiles/gradient_mapping__rosidl_typesupport_introspection_cpp.dir/rosidl_typesupport_introspection_cpp/gradient_mapping/msg/detail/custom_msg__type_support.cpp.o] Error 1
[0.163s] gmake[1]: *** [CMakeFiles/Makefile2:371: CMakeFiles/gradient_mapping__rosidl_typesupport_introspection_cpp.dir/all] Error 2
[0.266s] running egg_info
[0.266s] writing gradient_mapping.egg-info/PKG-INFO
[0.266s] writing dependency_links to gradient_mapping.egg-info/dependency_links.txt
[0.267s] writing top-level names to gradient_mapping.egg-info/top_level.txt
[0.268s] reading manifest file 'gradient_mapping.egg-info/SOURCES.txt'
[0.269s] writing manifest file 'gradient_mapping.egg-info/SOURCES.txt'
[0.292s] [ 17%] Built target ament_cmake_python_build_gradient_mapping_egg
[0.293s] gmake: *** [Makefile:146: all] Error 2
[0.295s] Invoked command in '/workspaces/codespace/ros2/project/local_mapping/build/gradient_mapping' returned '2': CMAKE_PREFIX_PATH=/opt/ros/humble /usr/bin/cmake --build /workspaces/codespace/ros2/project/local_mapping/build/gradient_mapping -- -j16 -l16
