UpdateCTestConfiguration  from :/workspaces/codespace/ros2/project/tutorial/build/examples_rclcpp_minimal_composition/CTestConfiguration.ini
Parse Config file:/workspaces/codespace/ros2/project/tutorial/build/examples_rclcpp_minimal_composition/CTestConfiguration.ini
   Site: creeper5820-A7S
   Build name: (empty)
 Add coverage exclude regular expressions.
Create new tag: 20240313-1147 - Experimental
UpdateCTestConfiguration  from :/workspaces/codespace/ros2/project/tutorial/build/examples_rclcpp_minimal_composition/CTestConfiguration.ini
Parse Config file:/workspaces/codespace/ros2/project/tutorial/build/examples_rclcpp_minimal_composition/CTestConfiguration.ini
Test project /workspaces/codespace/ros2/project/tutorial/build/examples_rclcpp_minimal_composition
Constructing a list of tests
Done constructing a list of tests
Updating test list for fixtures
Added 0 tests to meet fixture requirements
Checking test dependency graph...
Checking test dependency graph end
test 1
    Start 1: copyright

1: Test command: /usr/bin/python3 "-u" "/opt/ros/humble/share/ament_cmake_test/cmake/run_test.py" "/workspaces/codespace/ros2/project/tutorial/build/examples_rclcpp_minimal_composition/test_results/examples_rclcpp_minimal_composition/copyright.xunit.xml" "--package-name" "examples_rclcpp_minimal_composition" "--output-file" "/workspaces/codespace/ros2/project/tutorial/build/examples_rclcpp_minimal_composition/ament_copyright/copyright.txt" "--command" "/opt/ros/humble/bin/ament_copyright" "--xunit-file" "/workspaces/codespace/ros2/project/tutorial/build/examples_rclcpp_minimal_composition/test_results/examples_rclcpp_minimal_composition/copyright.xunit.xml"
1: Test timeout computed to be: 200
1: Traceback (most recent call last):
1:   File "/opt/ros/humble/share/ament_cmake_test/cmake/run_test.py", line 19, in <module>
1:     import ament_cmake_test
1: ModuleNotFoundError: No module named 'ament_cmake_test'
1/6 Test #1: copyright ........................***Failed    0.02 sec
test 2
    Start 2: cppcheck

2: Test command: /usr/bin/python3 "-u" "/opt/ros/humble/share/ament_cmake_test/cmake/run_test.py" "/workspaces/codespace/ros2/project/tutorial/build/examples_rclcpp_minimal_composition/test_results/examples_rclcpp_minimal_composition/cppcheck.xunit.xml" "--package-name" "examples_rclcpp_minimal_composition" "--output-file" "/workspaces/codespace/ros2/project/tutorial/build/examples_rclcpp_minimal_composition/ament_cppcheck/cppcheck.txt" "--command" "/opt/ros/humble/bin/ament_cppcheck" "--xunit-file" "/workspaces/codespace/ros2/project/tutorial/build/examples_rclcpp_minimal_composition/test_results/examples_rclcpp_minimal_composition/cppcheck.xunit.xml" "--include_dirs" "/workspaces/codespace/ros2/project/tutorial/src/examples/rclcpp/composition/minimal_composition/include"
2: Test timeout computed to be: 300
2: Traceback (most recent call last):
2:   File "/opt/ros/humble/share/ament_cmake_test/cmake/run_test.py", line 19, in <module>
2:     import ament_cmake_test
2: ModuleNotFoundError: No module named 'ament_cmake_test'
2/6 Test #2: cppcheck .........................***Failed    0.03 sec
test 3
    Start 3: cpplint

3: Test command: /usr/bin/python3 "-u" "/opt/ros/humble/share/ament_cmake_test/cmake/run_test.py" "/workspaces/codespace/ros2/project/tutorial/build/examples_rclcpp_minimal_composition/test_results/examples_rclcpp_minimal_composition/cpplint.xunit.xml" "--package-name" "examples_rclcpp_minimal_composition" "--output-file" "/workspaces/codespace/ros2/project/tutorial/build/examples_rclcpp_minimal_composition/ament_cpplint/cpplint.txt" "--command" "/opt/ros/humble/bin/ament_cpplint" "--xunit-file" "/workspaces/codespace/ros2/project/tutorial/build/examples_rclcpp_minimal_composition/test_results/examples_rclcpp_minimal_composition/cpplint.xunit.xml"
3: Test timeout computed to be: 120
3: Traceback (most recent call last):
3:   File "/opt/ros/humble/share/ament_cmake_test/cmake/run_test.py", line 19, in <module>
3:     import ament_cmake_test
3: ModuleNotFoundError: No module named 'ament_cmake_test'
3/6 Test #3: cpplint ..........................***Failed    0.02 sec
test 4
    Start 4: lint_cmake

4: Test command: /usr/bin/python3 "-u" "/opt/ros/humble/share/ament_cmake_test/cmake/run_test.py" "/workspaces/codespace/ros2/project/tutorial/build/examples_rclcpp_minimal_composition/test_results/examples_rclcpp_minimal_composition/lint_cmake.xunit.xml" "--package-name" "examples_rclcpp_minimal_composition" "--output-file" "/workspaces/codespace/ros2/project/tutorial/build/examples_rclcpp_minimal_composition/ament_lint_cmake/lint_cmake.txt" "--command" "/opt/ros/humble/bin/ament_lint_cmake" "--xunit-file" "/workspaces/codespace/ros2/project/tutorial/build/examples_rclcpp_minimal_composition/test_results/examples_rclcpp_minimal_composition/lint_cmake.xunit.xml"
4: Test timeout computed to be: 60
4: Traceback (most recent call last):
4:   File "/opt/ros/humble/share/ament_cmake_test/cmake/run_test.py", line 19, in <module>
4:     import ament_cmake_test
4: ModuleNotFoundError: No module named 'ament_cmake_test'
4/6 Test #4: lint_cmake .......................***Failed    0.03 sec
test 5
    Start 5: uncrustify

5: Test command: /usr/bin/python3 "-u" "/opt/ros/humble/share/ament_cmake_test/cmake/run_test.py" "/workspaces/codespace/ros2/project/tutorial/build/examples_rclcpp_minimal_composition/test_results/examples_rclcpp_minimal_composition/uncrustify.xunit.xml" "--package-name" "examples_rclcpp_minimal_composition" "--output-file" "/workspaces/codespace/ros2/project/tutorial/build/examples_rclcpp_minimal_composition/ament_uncrustify/uncrustify.txt" "--command" "/opt/ros/humble/bin/ament_uncrustify" "--xunit-file" "/workspaces/codespace/ros2/project/tutorial/build/examples_rclcpp_minimal_composition/test_results/examples_rclcpp_minimal_composition/uncrustify.xunit.xml"
5: Test timeout computed to be: 60
5: Traceback (most recent call last):
5:   File "/opt/ros/humble/share/ament_cmake_test/cmake/run_test.py", line 19, in <module>
5:     import ament_cmake_test
5: ModuleNotFoundError: No module named 'ament_cmake_test'
5/6 Test #5: uncrustify .......................***Failed    0.03 sec
test 6
    Start 6: xmllint

6: Test command: /usr/bin/python3 "-u" "/opt/ros/humble/share/ament_cmake_test/cmake/run_test.py" "/workspaces/codespace/ros2/project/tutorial/build/examples_rclcpp_minimal_composition/test_results/examples_rclcpp_minimal_composition/xmllint.xunit.xml" "--package-name" "examples_rclcpp_minimal_composition" "--output-file" "/workspaces/codespace/ros2/project/tutorial/build/examples_rclcpp_minimal_composition/ament_xmllint/xmllint.txt" "--command" "/opt/ros/humble/bin/ament_xmllint" "--xunit-file" "/workspaces/codespace/ros2/project/tutorial/build/examples_rclcpp_minimal_composition/test_results/examples_rclcpp_minimal_composition/xmllint.xunit.xml"
6: Test timeout computed to be: 60
6: Traceback (most recent call last):
6:   File "/opt/ros/humble/share/ament_cmake_test/cmake/run_test.py", line 19, in <module>
6:     import ament_cmake_test
6: ModuleNotFoundError: No module named 'ament_cmake_test'
6/6 Test #6: xmllint ..........................***Failed    0.03 sec

0% tests passed[0;0m, [0;31m6 tests failed[0;0m out of 6

Label Time Summary:
copyright     =   0.02 sec*proc (1 test)
cppcheck      =   0.03 sec*proc (1 test)
cpplint       =   0.02 sec*proc (1 test)
lint_cmake    =   0.03 sec*proc (1 test)
linter        =   0.16 sec*proc (6 tests)
uncrustify    =   0.03 sec*proc (1 test)
xmllint       =   0.03 sec*proc (1 test)

Total Test time (real) =   0.17 sec

The following tests FAILED:
	[0;31m  1 - copyright (Failed)[0;0m
	[0;31m  2 - cppcheck (Failed)[0;0m
	[0;31m  3 - cpplint (Failed)[0;0m
	[0;31m  4 - lint_cmake (Failed)[0;0m
	[0;31m  5 - uncrustify (Failed)[0;0m
	[0;31m  6 - xmllint (Failed)[0;0m
Errors while running CTest
Output from these tests are in: /workspaces/codespace/ros2/project/tutorial/build/examples_rclcpp_minimal_composition/Testing/Temporary/LastTest.log
Use "--rerun-failed --output-on-failure" to re-run the failed cases verbosely.
