[0.786s] Invoking command in '/workspaces/codespace/ros2/project/tutorial/build/examples_rclcpp_minimal_composition': AMENT_PREFIX_PATH=/workspaces/codespace/ros2/project/tutorial/install/examples_rclcpp_minimal_composition CMAKE_PREFIX_PATH=/workspaces/codespace/ros2/project/tutorial/install/examples_rclcpp_minimal_composition LD_LIBRARY_PATH=/workspaces/codespace/ros2/project/tutorial/install/examples_rclcpp_minimal_composition/lib /usr/bin/ctest -C Release -D ExperimentalTest --no-compress-output -V --force-new-ctest-process
[0.866s] UpdateCTestConfiguration  from :/workspaces/codespace/ros2/project/tutorial/build/examples_rclcpp_minimal_composition/CTestConfiguration.ini
[0.866s] Parse Config file:/workspaces/codespace/ros2/project/tutorial/build/examples_rclcpp_minimal_composition/CTestConfiguration.ini
[0.867s]    Site: creeper5820-A7S
[0.867s]    Build name: (empty)
[0.867s]  Add coverage exclude regular expressions.
[0.867s] Create new tag: 20240313-1147 - Experimental
[0.867s] UpdateCTestConfiguration  from :/workspaces/codespace/ros2/project/tutorial/build/examples_rclcpp_minimal_composition/CTestConfiguration.ini
[0.867s] Parse Config file:/workspaces/codespace/ros2/project/tutorial/build/examples_rclcpp_minimal_composition/CTestConfiguration.ini
[0.867s] Test project /workspaces/codespace/ros2/project/tutorial/build/examples_rclcpp_minimal_composition
[0.867s] Constructing a list of tests
[0.867s] Done constructing a list of tests
[0.867s] Updating test list for fixtures
[0.868s] Added 0 tests to meet fixture requirements
[0.868s] Checking test dependency graph...
[0.868s] Checking test dependency graph end
[0.868s] test 1
[0.868s]     Start 1: copyright
[0.868s] 
[0.868s] 1: Test command: /usr/bin/python3 "-u" "/opt/ros/humble/share/ament_cmake_test/cmake/run_test.py" "/workspaces/codespace/ros2/project/tutorial/build/examples_rclcpp_minimal_composition/test_results/examples_rclcpp_minimal_composition/copyright.xunit.xml" "--package-name" "examples_rclcpp_minimal_composition" "--output-file" "/workspaces/codespace/ros2/project/tutorial/build/examples_rclcpp_minimal_composition/ament_copyright/copyright.txt" "--command" "/opt/ros/humble/bin/ament_copyright" "--xunit-file" "/workspaces/codespace/ros2/project/tutorial/build/examples_rclcpp_minimal_composition/test_results/examples_rclcpp_minimal_composition/copyright.xunit.xml"
[0.868s] 1: Test timeout computed to be: 200
[0.869s] 1: Traceback (most recent call last):
[0.869s] 1:   File "/opt/ros/humble/share/ament_cmake_test/cmake/run_test.py", line 19, in <module>
[0.869s] 1:     import ament_cmake_test
[0.869s] 1: ModuleNotFoundError: No module named 'ament_cmake_test'
[0.877s] 1/6 Test #1: copyright ........................***Failed    0.02 sec
[0.877s] test 2
[0.877s]     Start 2: cppcheck
[0.878s] 
[0.878s] 2: Test command: /usr/bin/python3 "-u" "/opt/ros/humble/share/ament_cmake_test/cmake/run_test.py" "/workspaces/codespace/ros2/project/tutorial/build/examples_rclcpp_minimal_composition/test_results/examples_rclcpp_minimal_composition/cppcheck.xunit.xml" "--package-name" "examples_rclcpp_minimal_composition" "--output-file" "/workspaces/codespace/ros2/project/tutorial/build/examples_rclcpp_minimal_composition/ament_cppcheck/cppcheck.txt" "--command" "/opt/ros/humble/bin/ament_cppcheck" "--xunit-file" "/workspaces/codespace/ros2/project/tutorial/build/examples_rclcpp_minimal_composition/test_results/examples_rclcpp_minimal_composition/cppcheck.xunit.xml" "--include_dirs" "/workspaces/codespace/ros2/project/tutorial/src/examples/rclcpp/composition/minimal_composition/include"
[0.878s] 2: Test timeout computed to be: 300
[0.909s] 2: Traceback (most recent call last):
[0.909s] 2:   File "/opt/ros/humble/share/ament_cmake_test/cmake/run_test.py", line 19, in <module>
[0.909s] 2:     import ament_cmake_test
[0.909s] 2: ModuleNotFoundError: No module named 'ament_cmake_test'
[0.911s] 2/6 Test #2: cppcheck .........................***Failed    0.03 sec
[0.912s] test 3
[0.912s]     Start 3: cpplint
[0.912s] 
[0.912s] 3: Test command: /usr/bin/python3 "-u" "/opt/ros/humble/share/ament_cmake_test/cmake/run_test.py" "/workspaces/codespace/ros2/project/tutorial/build/examples_rclcpp_minimal_composition/test_results/examples_rclcpp_minimal_composition/cpplint.xunit.xml" "--package-name" "examples_rclcpp_minimal_composition" "--output-file" "/workspaces/codespace/ros2/project/tutorial/build/examples_rclcpp_minimal_composition/ament_cpplint/cpplint.txt" "--command" "/opt/ros/humble/bin/ament_cpplint" "--xunit-file" "/workspaces/codespace/ros2/project/tutorial/build/examples_rclcpp_minimal_composition/test_results/examples_rclcpp_minimal_composition/cpplint.xunit.xml"
[0.912s] 3: Test timeout computed to be: 120
[0.925s] 3: Traceback (most recent call last):
[0.925s] 3:   File "/opt/ros/humble/share/ament_cmake_test/cmake/run_test.py", line 19, in <module>
[0.926s] 3:     import ament_cmake_test
[0.926s] 3: ModuleNotFoundError: No module named 'ament_cmake_test'
[0.928s] 3/6 Test #3: cpplint ..........................***Failed    0.02 sec
[0.928s] test 4
[0.928s]     Start 4: lint_cmake
[0.928s] 
[0.930s] 4: Test command: /usr/bin/python3 "-u" "/opt/ros/humble/share/ament_cmake_test/cmake/run_test.py" "/workspaces/codespace/ros2/project/tutorial/build/examples_rclcpp_minimal_composition/test_results/examples_rclcpp_minimal_composition/lint_cmake.xunit.xml" "--package-name" "examples_rclcpp_minimal_composition" "--output-file" "/workspaces/codespace/ros2/project/tutorial/build/examples_rclcpp_minimal_composition/ament_lint_cmake/lint_cmake.txt" "--command" "/opt/ros/humble/bin/ament_lint_cmake" "--xunit-file" "/workspaces/codespace/ros2/project/tutorial/build/examples_rclcpp_minimal_composition/test_results/examples_rclcpp_minimal_composition/lint_cmake.xunit.xml"
[0.930s] 4: Test timeout computed to be: 60
[0.941s] 4: Traceback (most recent call last):
[0.941s] 4:   File "/opt/ros/humble/share/ament_cmake_test/cmake/run_test.py", line 19, in <module>
[0.941s] 4:     import ament_cmake_test
[0.942s] 4: ModuleNotFoundError: No module named 'ament_cmake_test'
[0.943s] 4/6 Test #4: lint_cmake .......................***Failed    0.03 sec
[0.943s] test 5
[0.943s]     Start 5: uncrustify
[0.944s] 
[0.944s] 5: Test command: /usr/bin/python3 "-u" "/opt/ros/humble/share/ament_cmake_test/cmake/run_test.py" "/workspaces/codespace/ros2/project/tutorial/build/examples_rclcpp_minimal_composition/test_results/examples_rclcpp_minimal_composition/uncrustify.xunit.xml" "--package-name" "examples_rclcpp_minimal_composition" "--output-file" "/workspaces/codespace/ros2/project/tutorial/build/examples_rclcpp_minimal_composition/ament_uncrustify/uncrustify.txt" "--command" "/opt/ros/humble/bin/ament_uncrustify" "--xunit-file" "/workspaces/codespace/ros2/project/tutorial/build/examples_rclcpp_minimal_composition/test_results/examples_rclcpp_minimal_composition/uncrustify.xunit.xml"
[0.944s] 5: Test timeout computed to be: 60
[0.953s] 5: Traceback (most recent call last):
[0.954s] 5:   File "/opt/ros/humble/share/ament_cmake_test/cmake/run_test.py", line 19, in <module>
[0.954s] 5:     import ament_cmake_test
[0.954s] 5: ModuleNotFoundError: No module named 'ament_cmake_test'
[0.955s] 5/6 Test #5: uncrustify .......................***Failed    0.03 sec
[0.955s] test 6
[0.955s]     Start 6: xmllint
[0.955s] 
[0.955s] 6: Test command: /usr/bin/python3 "-u" "/opt/ros/humble/share/ament_cmake_test/cmake/run_test.py" "/workspaces/codespace/ros2/project/tutorial/build/examples_rclcpp_minimal_composition/test_results/examples_rclcpp_minimal_composition/xmllint.xunit.xml" "--package-name" "examples_rclcpp_minimal_composition" "--output-file" "/workspaces/codespace/ros2/project/tutorial/build/examples_rclcpp_minimal_composition/ament_xmllint/xmllint.txt" "--command" "/opt/ros/humble/bin/ament_xmllint" "--xunit-file" "/workspaces/codespace/ros2/project/tutorial/build/examples_rclcpp_minimal_composition/test_results/examples_rclcpp_minimal_composition/xmllint.xunit.xml"
[0.955s] 6: Test timeout computed to be: 60
[0.968s] 6: Traceback (most recent call last):
[0.968s] 6:   File "/opt/ros/humble/share/ament_cmake_test/cmake/run_test.py", line 19, in <module>
[0.968s] 6:     import ament_cmake_test
[0.969s] 6: ModuleNotFoundError: No module named 'ament_cmake_test'
[0.970s] 6/6 Test #6: xmllint ..........................***Failed    0.03 sec
[0.970s] 
[0.970s] 0% tests passed[0;0m, [0;31m6 tests failed[0;0m out of 6
[0.970s] 
[0.970s] Label Time Summary:
[0.970s] copyright     =   0.02 sec*proc (1 test)
[0.970s] cppcheck      =   0.03 sec*proc (1 test)
[0.971s] cpplint       =   0.02 sec*proc (1 test)
[0.971s] lint_cmake    =   0.03 sec*proc (1 test)
[0.971s] linter        =   0.16 sec*proc (6 tests)
[0.971s] uncrustify    =   0.03 sec*proc (1 test)
[0.971s] xmllint       =   0.03 sec*proc (1 test)
[0.971s] 
[0.971s] Total Test time (real) =   0.17 sec
[0.971s] 
[0.971s] The following tests FAILED:
[0.971s] 	[0;31m  1 - copyright (Failed)[0;0m
[0.972s] 	[0;31m  2 - cppcheck (Failed)[0;0m
[0.972s] 	[0;31m  3 - cpplint (Failed)[0;0m
[0.972s] 	[0;31m  4 - lint_cmake (Failed)[0;0m
[0.972s] 	[0;31m  5 - uncrustify (Failed)[0;0m
[0.972s] 	[0;31m  6 - xmllint (Failed)[0;0m
[0.977s] Errors while running CTest
[0.977s] Output from these tests are in: /workspaces/codespace/ros2/project/tutorial/build/examples_rclcpp_minimal_composition/Testing/Temporary/LastTest.log
[0.977s] Use "--rerun-failed --output-on-failure" to re-run the failed cases verbosely.
[1.073s] Invoked command in '/workspaces/codespace/ros2/project/tutorial/build/examples_rclcpp_minimal_composition' returned '8': AMENT_PREFIX_PATH=/workspaces/codespace/ros2/project/tutorial/install/examples_rclcpp_minimal_composition CMAKE_PREFIX_PATH=/workspaces/codespace/ros2/project/tutorial/install/examples_rclcpp_minimal_composition LD_LIBRARY_PATH=/workspaces/codespace/ros2/project/tutorial/install/examples_rclcpp_minimal_composition/lib /usr/bin/ctest -C Release -D ExperimentalTest --no-compress-output -V --force-new-ctest-process
