[0.807s] Invoking command in '/workspaces/codespace/ros2/project/tutorial/build/examples_rclcpp_minimal_action_client': AMENT_PREFIX_PATH=/workspaces/codespace/ros2/project/tutorial/install/examples_rclcpp_minimal_action_client CMAKE_PREFIX_PATH=/workspaces/codespace/ros2/project/tutorial/install/examples_rclcpp_minimal_action_client /usr/bin/ctest -C Release -D ExperimentalTest --no-compress-output -V --force-new-ctest-process
[0.888s] UpdateCTestConfiguration  from :/workspaces/codespace/ros2/project/tutorial/build/examples_rclcpp_minimal_action_client/CTestConfiguration.ini
[0.888s] Parse Config file:/workspaces/codespace/ros2/project/tutorial/build/examples_rclcpp_minimal_action_client/CTestConfiguration.ini
[0.888s]    Site: creeper5820-A7S
[0.888s]    Build name: (empty)
[0.888s]  Add coverage exclude regular expressions.
[0.888s] Create new tag: 20240313-1147 - Experimental
[0.888s] UpdateCTestConfiguration  from :/workspaces/codespace/ros2/project/tutorial/build/examples_rclcpp_minimal_action_client/CTestConfiguration.ini
[0.888s] Parse Config file:/workspaces/codespace/ros2/project/tutorial/build/examples_rclcpp_minimal_action_client/CTestConfiguration.ini
[0.888s] Test project /workspaces/codespace/ros2/project/tutorial/build/examples_rclcpp_minimal_action_client
[0.889s] Constructing a list of tests
[0.889s] Done constructing a list of tests
[0.889s] Updating test list for fixtures
[0.889s] Added 0 tests to meet fixture requirements
[0.889s] Checking test dependency graph...
[0.889s] Checking test dependency graph end
[0.889s] test 1
[0.889s]     Start 1: copyright
[0.889s] 
[0.890s] 1: Test command: /usr/bin/python3 "-u" "/opt/ros/humble/share/ament_cmake_test/cmake/run_test.py" "/workspaces/codespace/ros2/project/tutorial/build/examples_rclcpp_minimal_action_client/test_results/examples_rclcpp_minimal_action_client/copyright.xunit.xml" "--package-name" "examples_rclcpp_minimal_action_client" "--output-file" "/workspaces/codespace/ros2/project/tutorial/build/examples_rclcpp_minimal_action_client/ament_copyright/copyright.txt" "--command" "/opt/ros/humble/bin/ament_copyright" "--xunit-file" "/workspaces/codespace/ros2/project/tutorial/build/examples_rclcpp_minimal_action_client/test_results/examples_rclcpp_minimal_action_client/copyright.xunit.xml"
[0.890s] 1: Test timeout computed to be: 200
[0.897s] 1: Traceback (most recent call last):
[0.897s] 1:   File "/opt/ros/humble/share/ament_cmake_test/cmake/run_test.py", line 19, in <module>
[0.897s] 1:     import ament_cmake_test
[0.897s] 1: ModuleNotFoundError: No module named 'ament_cmake_test'
[0.901s] 1/6 Test #1: copyright ........................***Failed    0.02 sec
[0.901s] test 2
[0.901s]     Start 2: cppcheck
[0.901s] 
[0.901s] 2: Test command: /usr/bin/python3 "-u" "/opt/ros/humble/share/ament_cmake_test/cmake/run_test.py" "/workspaces/codespace/ros2/project/tutorial/build/examples_rclcpp_minimal_action_client/test_results/examples_rclcpp_minimal_action_client/cppcheck.xunit.xml" "--package-name" "examples_rclcpp_minimal_action_client" "--output-file" "/workspaces/codespace/ros2/project/tutorial/build/examples_rclcpp_minimal_action_client/ament_cppcheck/cppcheck.txt" "--command" "/opt/ros/humble/bin/ament_cppcheck" "--xunit-file" "/workspaces/codespace/ros2/project/tutorial/build/examples_rclcpp_minimal_action_client/test_results/examples_rclcpp_minimal_action_client/cppcheck.xunit.xml"
[0.901s] 2: Test timeout computed to be: 300
[0.919s] 2: Traceback (most recent call last):
[0.919s] 2:   File "/opt/ros/humble/share/ament_cmake_test/cmake/run_test.py", line 19, in <module>
[0.919s] 2:     import ament_cmake_test
[0.919s] 2: ModuleNotFoundError: No module named 'ament_cmake_test'
[0.921s] 2/6 Test #2: cppcheck .........................***Failed    0.02 sec
[0.921s] test 3
[0.921s]     Start 3: cpplint
[0.921s] 
[0.921s] 3: Test command: /usr/bin/python3 "-u" "/opt/ros/humble/share/ament_cmake_test/cmake/run_test.py" "/workspaces/codespace/ros2/project/tutorial/build/examples_rclcpp_minimal_action_client/test_results/examples_rclcpp_minimal_action_client/cpplint.xunit.xml" "--package-name" "examples_rclcpp_minimal_action_client" "--output-file" "/workspaces/codespace/ros2/project/tutorial/build/examples_rclcpp_minimal_action_client/ament_cpplint/cpplint.txt" "--command" "/opt/ros/humble/bin/ament_cpplint" "--xunit-file" "/workspaces/codespace/ros2/project/tutorial/build/examples_rclcpp_minimal_action_client/test_results/examples_rclcpp_minimal_action_client/cpplint.xunit.xml"
[0.921s] 3: Test timeout computed to be: 120
[0.947s] 3: Traceback (most recent call last):
[0.947s] 3:   File "/opt/ros/humble/share/ament_cmake_test/cmake/run_test.py", line 19, in <module>
[0.947s] 3:     import ament_cmake_test
[0.948s] 3: ModuleNotFoundError: No module named 'ament_cmake_test'
[0.956s] 3/6 Test #3: cpplint ..........................***Failed    0.03 sec
[0.957s] test 4
[0.957s]     Start 4: lint_cmake
[0.957s] 
[0.957s] 4: Test command: /usr/bin/python3 "-u" "/opt/ros/humble/share/ament_cmake_test/cmake/run_test.py" "/workspaces/codespace/ros2/project/tutorial/build/examples_rclcpp_minimal_action_client/test_results/examples_rclcpp_minimal_action_client/lint_cmake.xunit.xml" "--package-name" "examples_rclcpp_minimal_action_client" "--output-file" "/workspaces/codespace/ros2/project/tutorial/build/examples_rclcpp_minimal_action_client/ament_lint_cmake/lint_cmake.txt" "--command" "/opt/ros/humble/bin/ament_lint_cmake" "--xunit-file" "/workspaces/codespace/ros2/project/tutorial/build/examples_rclcpp_minimal_action_client/test_results/examples_rclcpp_minimal_action_client/lint_cmake.xunit.xml"
[0.957s] 4: Test timeout computed to be: 60
[0.967s] 4: Traceback (most recent call last):
[0.967s] 4:   File "/opt/ros/humble/share/ament_cmake_test/cmake/run_test.py", line 19, in <module>
[0.967s] 4:     import ament_cmake_test
[0.967s] 4: ModuleNotFoundError: No module named 'ament_cmake_test'
[0.968s] 4/6 Test #4: lint_cmake .......................***Failed    0.03 sec
[0.968s] test 5
[0.968s]     Start 5: uncrustify
[0.968s] 
[0.968s] 5: Test command: /usr/bin/python3 "-u" "/opt/ros/humble/share/ament_cmake_test/cmake/run_test.py" "/workspaces/codespace/ros2/project/tutorial/build/examples_rclcpp_minimal_action_client/test_results/examples_rclcpp_minimal_action_client/uncrustify.xunit.xml" "--package-name" "examples_rclcpp_minimal_action_client" "--output-file" "/workspaces/codespace/ros2/project/tutorial/build/examples_rclcpp_minimal_action_client/ament_uncrustify/uncrustify.txt" "--command" "/opt/ros/humble/bin/ament_uncrustify" "--xunit-file" "/workspaces/codespace/ros2/project/tutorial/build/examples_rclcpp_minimal_action_client/test_results/examples_rclcpp_minimal_action_client/uncrustify.xunit.xml"
[0.968s] 5: Test timeout computed to be: 60
[0.982s] 5: Traceback (most recent call last):
[0.982s] 5:   File "/opt/ros/humble/share/ament_cmake_test/cmake/run_test.py", line 19, in <module>
[0.982s] 5:     import ament_cmake_test
[0.982s] 5: ModuleNotFoundError: No module named 'ament_cmake_test'
[0.984s] 5/6 Test #5: uncrustify .......................***Failed    0.03 sec
[0.984s] test 6
[0.984s]     Start 6: xmllint
[0.985s] 
[0.985s] 6: Test command: /usr/bin/python3 "-u" "/opt/ros/humble/share/ament_cmake_test/cmake/run_test.py" "/workspaces/codespace/ros2/project/tutorial/build/examples_rclcpp_minimal_action_client/test_results/examples_rclcpp_minimal_action_client/xmllint.xunit.xml" "--package-name" "examples_rclcpp_minimal_action_client" "--output-file" "/workspaces/codespace/ros2/project/tutorial/build/examples_rclcpp_minimal_action_client/ament_xmllint/xmllint.txt" "--command" "/opt/ros/humble/bin/ament_xmllint" "--xunit-file" "/workspaces/codespace/ros2/project/tutorial/build/examples_rclcpp_minimal_action_client/test_results/examples_rclcpp_minimal_action_client/xmllint.xunit.xml"
[0.985s] 6: Test timeout computed to be: 60
[0.991s] 6: Traceback (most recent call last):
[0.991s] 6:   File "/opt/ros/humble/share/ament_cmake_test/cmake/run_test.py", line 19, in <module>
[0.991s] 6:     import ament_cmake_test
[0.991s] 6: ModuleNotFoundError: No module named 'ament_cmake_test'
[0.994s] 6/6 Test #6: xmllint ..........................***Failed    0.03 sec
[0.994s] 
[0.994s] 0% tests passed[0;0m, [0;31m6 tests failed[0;0m out of 6
[0.994s] 
[0.994s] Label Time Summary:
[0.994s] copyright     =   0.02 sec*proc (1 test)
[0.994s] cppcheck      =   0.02 sec*proc (1 test)
[0.994s] cpplint       =   0.03 sec*proc (1 test)
[0.994s] lint_cmake    =   0.03 sec*proc (1 test)
[0.994s] linter        =   0.16 sec*proc (6 tests)
[0.995s] uncrustify    =   0.03 sec*proc (1 test)
[0.995s] xmllint       =   0.03 sec*proc (1 test)
[0.995s] 
[0.995s] Total Test time (real) =   0.16 sec
[0.995s] 
[0.995s] The following tests FAILED:
[0.995s] 	[0;31m  1 - copyright (Failed)[0;0m
[0.995s] 	[0;31m  2 - cppcheck (Failed)[0;0m
[0.995s] 	[0;31m  3 - cpplint (Failed)[0;0m
[0.995s] 	[0;31m  4 - lint_cmake (Failed)[0;0m
[0.995s] 	[0;31m  5 - uncrustify (Failed)[0;0m
[0.995s] 	[0;31m  6 - xmllint (Failed)[0;0m
[1.001s] Errors while running CTest
[1.001s] Output from these tests are in: /workspaces/codespace/ros2/project/tutorial/build/examples_rclcpp_minimal_action_client/Testing/Temporary/LastTest.log
[1.001s] Use "--rerun-failed --output-on-failure" to re-run the failed cases verbosely.
[1.105s] Invoked command in '/workspaces/codespace/ros2/project/tutorial/build/examples_rclcpp_minimal_action_client' returned '8': AMENT_PREFIX_PATH=/workspaces/codespace/ros2/project/tutorial/install/examples_rclcpp_minimal_action_client CMAKE_PREFIX_PATH=/workspaces/codespace/ros2/project/tutorial/install/examples_rclcpp_minimal_action_client /usr/bin/ctest -C Release -D ExperimentalTest --no-compress-output -V --force-new-ctest-process
