[0.020s] Invoking command in '/workspaces/codespace/ros2/project/local_mapping/build/gradient_mapping': /usr/bin/cmake --build /workspaces/codespace/ros2/project/local_mapping/build/gradient_mapping -- -j16 -l16
[0.080s] [0m-- GLOB mismatch![0m
[0.129s] -- Found ament_cmake_auto: 1.3.8 (/opt/ros/humble/share/ament_cmake_auto/cmake)
[0.193s] Traceback (most recent call last):
[0.193s]   File "/opt/ros/humble/share/ament_cmake_core/cmake/package_templates/templates_2_cmake.py", line 21, in <module>
[0.193s]     from ament_package.templates import get_environment_hook_template_path
[0.194s] ModuleNotFoundError: No module named 'ament_package'
[0.195s] [31mCMake Error at /opt/ros/humble/share/ament_cmake_core/cmake/ament_cmake_package_templates-extras.cmake:41 (message):
[0.195s]   execute_process(/usr/bin/python3
[0.196s]   /opt/ros/humble/share/ament_cmake_core/cmake/package_templates/templates_2_cmake.py
[0.196s]   /workspaces/codespace/ros2/project/local_mapping/build/gradient_mapping/ament_cmake_package_templates/templates.cmake)
[0.196s]   returned error code 1
[0.196s] Call Stack (most recent call first):
[0.196s]   /opt/ros/humble/share/ament_cmake_core/cmake/ament_cmake_coreConfig.cmake:41 (include)
[0.196s]   /opt/ros/humble/share/ament_cmake/cmake/ament_cmake_export_dependencies-extras.cmake:15 (find_package)
[0.196s]   /opt/ros/humble/share/ament_cmake/cmake/ament_cmakeConfig.cmake:41 (include)
[0.196s]   /opt/ros/humble/share/ament_cmake_auto/cmake/ament_cmake_auto-extras.cmake:17 (find_package)
[0.196s]   /opt/ros/humble/share/ament_cmake_auto/cmake/ament_cmake_autoConfig.cmake:41 (include)
[0.196s]   CMakeLists.txt:12 (find_package)
[0.196s] 
[0.196s] [0m
[0.196s] -- Configuring incomplete, errors occurred!
[0.197s] See also "/workspaces/codespace/ros2/project/local_mapping/build/gradient_mapping/CMakeFiles/CMakeOutput.log".
[0.198s] gmake: *** [Makefile:269: cmake_check_build_system] Error 1
[0.200s] Invoked command in '/workspaces/codespace/ros2/project/local_mapping/build/gradient_mapping' returned '2': /usr/bin/cmake --build /workspaces/codespace/ros2/project/local_mapping/build/gradient_mapping -- -j16 -l16
