[01m[K/workspaces/codespace/ros2/project/local_mapping/src/gradient_mapping/src/main.cpp:3:10:[m[K [01;31m[Kfatal error: [m[Kmessages/msg/detail/custom_msg__struct.hpp: No such file or directory
    3 | #include [01;31m[K<messages/msg/detail/custom_msg__struct.hpp>[m[K
      |          [01;31m[K^~~~~~~~~~~~~~~~~~~~~~~~~~~~~~~~~~~~~~~~~~~~[m[K
compilation terminated.
gmake[2]: *** [CMakeFiles/gradient_mapping.dir/build.make:76: CMakeFiles/gradient_mapping.dir/src/main.cpp.o] Error 1
gmake[1]: *** [CMakeFiles/Makefile2:137: CMakeFiles/gradient_mapping.dir/all] Error 2
gmake: *** [Makefile:146: all] Error 2
