[01m[K/workspaces/codespace/ros2/project/local_mapping/src/gradient_mapping/src/main.cpp:1:10:[m[K [01;31m[Kfatal error: [m[Kgrandient_mapping/msg/custom_msg.hpp: No such file or directory
    1 | #include [01;31m[K"grandient_mapping/msg/custom_msg.hpp"[m[K
      |          [01;31m[K^~~~~~~~~~~~~~~~~~~~~~~~~~~~~~~~~~~~~~[m[K
compilation terminated.
gmake[2]: *** [CMakeFiles/run.dir/build.make:76: CMakeFiles/run.dir/src/main.cpp.o] Error 1
gmake[1]: *** [CMakeFiles/Makefile2:592: CMakeFiles/run.dir/all] Error 2
gmake[1]: *** Waiting for unfinished jobs....
gmake: *** [Makefile:146: all] Error 2
