[35m[1mConsolidate compiler generated dependencies of target run[0m
[  2%] Built target gradient_mapping__cpp
[ 12%] Built target gradient_mapping__rosidl_generator_c
[ 12%] Built target ament_cmake_python_symlink_gradient_mapping
[ 14%] [32mBuilding CXX object CMakeFiles/run.dir/src/main.cpp.o[0m
[01m[K/workspaces/codespace/ros2/project/local_mapping/src/gradient_mapping/src/main.cpp:1:10:[m[K [01;31m[Kfatal error: [m[Kgrandient_mapping/msg/custom_msg.hpp: No such file or directory
    1 | #include [01;31m[K"grandient_mapping/msg/custom_msg.hpp"[m[K
      |          [01;31m[K^~~~~~~~~~~~~~~~~~~~~~~~~~~~~~~~~~~~~~[m[K
compilation terminated.
gmake[2]: *** [CMakeFiles/run.dir/build.make:76: CMakeFiles/run.dir/src/main.cpp.o] Error 1
gmake[1]: *** [CMakeFiles/Makefile2:592: CMakeFiles/run.dir/all] Error 2
gmake[1]: *** Waiting for unfinished jobs....
[ 24%] Built target gradient_mapping__rosidl_typesupport_fastrtps_cpp
[ 34%] Built target gradient_mapping__rosidl_typesupport_c
[ 51%] Built target gradient_mapping__rosidl_typesupport_cpp
[ 53%] Built target gradient_mapping__rosidl_typesupport_introspection_cpp
[ 73%] Built target gradient_mapping__rosidl_typesupport_introspection_c
[ 73%] Built target gradient_mapping__rosidl_typesupport_fastrtps_c
running egg_info
writing gradient_mapping.egg-info/PKG-INFO
writing dependency_links to gradient_mapping.egg-info/dependency_links.txt
writing top-level names to gradient_mapping.egg-info/top_level.txt
reading manifest file 'gradient_mapping.egg-info/SOURCES.txt'
writing manifest file 'gradient_mapping.egg-info/SOURCES.txt'
[ 73%] Built target ament_cmake_python_build_gradient_mapping_egg
gmake: *** [Makefile:146: all] Error 2
