[0.040s] Invoking command in '/workspaces/codespace/ros2/project/local_mapping/build/gradient_mapping': CMAKE_PREFIX_PATH=/opt/ros/humble /usr/bin/cmake --build /workspaces/codespace/ros2/project/local_mapping/build/gradient_mapping -- -j16 -l16
[0.079s] [35m[1mConsolidate compiler generated dependencies of target run[0m
[0.087s] [  2%] Built target gradient_mapping__cpp
[0.088s] [ 12%] Built target gradient_mapping__rosidl_generator_c
[0.095s] [ 12%] Built target ament_cmake_python_symlink_gradient_mapping
[0.099s] [ 14%] [32mBuilding CXX object CMakeFiles/run.dir/src/main.cpp.o[0m
[0.107s] [01m[K/workspaces/codespace/ros2/project/local_mapping/src/gradient_mapping/src/main.cpp:1:10:[m[K [01;31m[Kfatal error: [m[Kgrandient_mapping/msg/custom_msg.hpp: No such file or directory
[0.107s]     1 | #include [01;31m[K"grandient_mapping/msg/custom_msg.hpp"[m[K
[0.107s]       |          [01;31m[K^~~~~~~~~~~~~~~~~~~~~~~~~~~~~~~~~~~~~~[m[K
[0.107s] compilation terminated.
[0.108s] gmake[2]: *** [CMakeFiles/run.dir/build.make:76: CMakeFiles/run.dir/src/main.cpp.o] Error 1
[0.108s] gmake[1]: *** [CMakeFiles/Makefile2:592: CMakeFiles/run.dir/all] Error 2
[0.108s] gmake[1]: *** Waiting for unfinished jobs....
[0.109s] [ 24%] Built target gradient_mapping__rosidl_typesupport_fastrtps_cpp
[0.109s] [ 34%] Built target gradient_mapping__rosidl_typesupport_c
[0.110s] [ 51%] Built target gradient_mapping__rosidl_typesupport_cpp
[0.110s] [ 53%] Built target gradient_mapping__rosidl_typesupport_introspection_cpp
[0.112s] [ 73%] Built target gradient_mapping__rosidl_typesupport_introspection_c
[0.112s] [ 73%] Built target gradient_mapping__rosidl_typesupport_fastrtps_c
[0.274s] running egg_info
[0.275s] writing gradient_mapping.egg-info/PKG-INFO
[0.275s] writing dependency_links to gradient_mapping.egg-info/dependency_links.txt
[0.275s] writing top-level names to gradient_mapping.egg-info/top_level.txt
[0.278s] reading manifest file 'gradient_mapping.egg-info/SOURCES.txt'
[0.278s] writing manifest file 'gradient_mapping.egg-info/SOURCES.txt'
[0.301s] [ 73%] Built target ament_cmake_python_build_gradient_mapping_egg
[0.302s] gmake: *** [Makefile:146: all] Error 2
[0.305s] Invoked command in '/workspaces/codespace/ros2/project/local_mapping/build/gradient_mapping' returned '2': CMAKE_PREFIX_PATH=/opt/ros/humble /usr/bin/cmake --build /workspaces/codespace/ros2/project/local_mapping/build/gradient_mapping -- -j16 -l16
