[0.812s] Invoking command in '/workspaces/codespace/ros2/project/tutorial/build/examples_rclcpp_minimal_subscriber': AMENT_PREFIX_PATH=/workspaces/codespace/ros2/project/tutorial/install/examples_rclcpp_minimal_subscriber CMAKE_PREFIX_PATH=/workspaces/codespace/ros2/project/tutorial/install/examples_rclcpp_minimal_subscriber LD_LIBRARY_PATH=/workspaces/codespace/ros2/project/tutorial/install/examples_rclcpp_minimal_subscriber/lib /usr/bin/ctest -C Release -D ExperimentalTest --no-compress-output -V --force-new-ctest-process
[0.848s] UpdateCTestConfiguration  from :/workspaces/codespace/ros2/project/tutorial/build/examples_rclcpp_minimal_subscriber/CTestConfiguration.ini
[0.849s] Parse Config file:/workspaces/codespace/ros2/project/tutorial/build/examples_rclcpp_minimal_subscriber/CTestConfiguration.ini
[0.849s]    Site: creeper5820-A7S
[0.849s]    Build name: (empty)
[0.849s]  Add coverage exclude regular expressions.
[0.849s] Create new tag: 20240313-1147 - Experimental
[0.849s] UpdateCTestConfiguration  from :/workspaces/codespace/ros2/project/tutorial/build/examples_rclcpp_minimal_subscriber/CTestConfiguration.ini
[0.849s] Parse Config file:/workspaces/codespace/ros2/project/tutorial/build/examples_rclcpp_minimal_subscriber/CTestConfiguration.ini
[0.849s] Test project /workspaces/codespace/ros2/project/tutorial/build/examples_rclcpp_minimal_subscriber
[0.849s] Constructing a list of tests
[0.850s] Done constructing a list of tests
[0.850s] Updating test list for fixtures
[0.850s] Added 0 tests to meet fixture requirements
[0.850s] Checking test dependency graph...
[0.850s] Checking test dependency graph end
[0.850s] test 1
[0.851s]     Start 1: copyright
[0.851s] 
[0.851s] 1: Test command: /usr/bin/python3 "-u" "/opt/ros/humble/share/ament_cmake_test/cmake/run_test.py" "/workspaces/codespace/ros2/project/tutorial/build/examples_rclcpp_minimal_subscriber/test_results/examples_rclcpp_minimal_subscriber/copyright.xunit.xml" "--package-name" "examples_rclcpp_minimal_subscriber" "--output-file" "/workspaces/codespace/ros2/project/tutorial/build/examples_rclcpp_minimal_subscriber/ament_copyright/copyright.txt" "--command" "/opt/ros/humble/bin/ament_copyright" "--xunit-file" "/workspaces/codespace/ros2/project/tutorial/build/examples_rclcpp_minimal_subscriber/test_results/examples_rclcpp_minimal_subscriber/copyright.xunit.xml"
[0.851s] 1: Test timeout computed to be: 200
[0.852s] 1: Traceback (most recent call last):
[0.852s] 1:   File "/opt/ros/humble/share/ament_cmake_test/cmake/run_test.py", line 19, in <module>
[0.852s] 1:     import ament_cmake_test
[0.852s] 1: ModuleNotFoundError: No module named 'ament_cmake_test'
[0.854s] 1/6 Test #1: copyright ........................***Failed    0.03 sec
[0.854s] test 2
[0.854s]     Start 2: cppcheck
[0.854s] 
[0.854s] 2: Test command: /usr/bin/python3 "-u" "/opt/ros/humble/share/ament_cmake_test/cmake/run_test.py" "/workspaces/codespace/ros2/project/tutorial/build/examples_rclcpp_minimal_subscriber/test_results/examples_rclcpp_minimal_subscriber/cppcheck.xunit.xml" "--package-name" "examples_rclcpp_minimal_subscriber" "--output-file" "/workspaces/codespace/ros2/project/tutorial/build/examples_rclcpp_minimal_subscriber/ament_cppcheck/cppcheck.txt" "--command" "/opt/ros/humble/bin/ament_cppcheck" "--xunit-file" "/workspaces/codespace/ros2/project/tutorial/build/examples_rclcpp_minimal_subscriber/test_results/examples_rclcpp_minimal_subscriber/cppcheck.xunit.xml"
[0.854s] 2: Test timeout computed to be: 300
[0.880s] 2: Traceback (most recent call last):
[0.880s] 2:   File "/opt/ros/humble/share/ament_cmake_test/cmake/run_test.py", line 19, in <module>
[0.880s] 2:     import ament_cmake_test
[0.880s] 2: ModuleNotFoundError: No module named 'ament_cmake_test'
[0.882s] 2/6 Test #2: cppcheck .........................***Failed    0.02 sec
[0.882s] test 3
[0.882s]     Start 3: cpplint
[0.883s] 
[0.883s] 3: Test command: /usr/bin/python3 "-u" "/opt/ros/humble/share/ament_cmake_test/cmake/run_test.py" "/workspaces/codespace/ros2/project/tutorial/build/examples_rclcpp_minimal_subscriber/test_results/examples_rclcpp_minimal_subscriber/cpplint.xunit.xml" "--package-name" "examples_rclcpp_minimal_subscriber" "--output-file" "/workspaces/codespace/ros2/project/tutorial/build/examples_rclcpp_minimal_subscriber/ament_cpplint/cpplint.txt" "--command" "/opt/ros/humble/bin/ament_cpplint" "--xunit-file" "/workspaces/codespace/ros2/project/tutorial/build/examples_rclcpp_minimal_subscriber/test_results/examples_rclcpp_minimal_subscriber/cpplint.xunit.xml"
[0.883s] 3: Test timeout computed to be: 120
[0.899s] 3: Traceback (most recent call last):
[0.899s] 3:   File "/opt/ros/humble/share/ament_cmake_test/cmake/run_test.py", line 19, in <module>
[0.899s] 3:     import ament_cmake_test
[0.899s] 3: ModuleNotFoundError: No module named 'ament_cmake_test'
[0.901s] 3/6 Test #3: cpplint ..........................***Failed    0.03 sec
[0.901s] test 4
[0.902s]     Start 4: lint_cmake
[0.902s] 
[0.902s] 4: Test command: /usr/bin/python3 "-u" "/opt/ros/humble/share/ament_cmake_test/cmake/run_test.py" "/workspaces/codespace/ros2/project/tutorial/build/examples_rclcpp_minimal_subscriber/test_results/examples_rclcpp_minimal_subscriber/lint_cmake.xunit.xml" "--package-name" "examples_rclcpp_minimal_subscriber" "--output-file" "/workspaces/codespace/ros2/project/tutorial/build/examples_rclcpp_minimal_subscriber/ament_lint_cmake/lint_cmake.txt" "--command" "/opt/ros/humble/bin/ament_lint_cmake" "--xunit-file" "/workspaces/codespace/ros2/project/tutorial/build/examples_rclcpp_minimal_subscriber/test_results/examples_rclcpp_minimal_subscriber/lint_cmake.xunit.xml"
[0.902s] 4: Test timeout computed to be: 60
[0.913s] 4: Traceback (most recent call last):
[0.913s] 4:   File "/opt/ros/humble/share/ament_cmake_test/cmake/run_test.py", line 19, in <module>
[0.914s] 4:     import ament_cmake_test
[0.914s] 4: ModuleNotFoundError: No module named 'ament_cmake_test'
[0.915s] 4/6 Test #4: lint_cmake .......................***Failed    0.03 sec
[0.915s] test 5
[0.915s]     Start 5: uncrustify
[0.915s] 
[0.915s] 5: Test command: /usr/bin/python3 "-u" "/opt/ros/humble/share/ament_cmake_test/cmake/run_test.py" "/workspaces/codespace/ros2/project/tutorial/build/examples_rclcpp_minimal_subscriber/test_results/examples_rclcpp_minimal_subscriber/uncrustify.xunit.xml" "--package-name" "examples_rclcpp_minimal_subscriber" "--output-file" "/workspaces/codespace/ros2/project/tutorial/build/examples_rclcpp_minimal_subscriber/ament_uncrustify/uncrustify.txt" "--command" "/opt/ros/humble/bin/ament_uncrustify" "--xunit-file" "/workspaces/codespace/ros2/project/tutorial/build/examples_rclcpp_minimal_subscriber/test_results/examples_rclcpp_minimal_subscriber/uncrustify.xunit.xml"
[0.915s] 5: Test timeout computed to be: 60
[0.924s] 5: Traceback (most recent call last):
[0.924s] 5:   File "/opt/ros/humble/share/ament_cmake_test/cmake/run_test.py", line 19, in <module>
[0.924s] 5:     import ament_cmake_test
[0.924s] 5: ModuleNotFoundError: No module named 'ament_cmake_test'
[0.925s] 5/6 Test #5: uncrustify .......................***Failed    0.03 sec
[0.925s] test 6
[0.925s]     Start 6: xmllint
[0.925s] 
[0.925s] 6: Test command: /usr/bin/python3 "-u" "/opt/ros/humble/share/ament_cmake_test/cmake/run_test.py" "/workspaces/codespace/ros2/project/tutorial/build/examples_rclcpp_minimal_subscriber/test_results/examples_rclcpp_minimal_subscriber/xmllint.xunit.xml" "--package-name" "examples_rclcpp_minimal_subscriber" "--output-file" "/workspaces/codespace/ros2/project/tutorial/build/examples_rclcpp_minimal_subscriber/ament_xmllint/xmllint.txt" "--command" "/opt/ros/humble/bin/ament_xmllint" "--xunit-file" "/workspaces/codespace/ros2/project/tutorial/build/examples_rclcpp_minimal_subscriber/test_results/examples_rclcpp_minimal_subscriber/xmllint.xunit.xml"
[0.925s] 6: Test timeout computed to be: 60
[0.938s] 6: Traceback (most recent call last):
[0.938s] 6:   File "/opt/ros/humble/share/ament_cmake_test/cmake/run_test.py", line 19, in <module>
[0.938s] 6:     import ament_cmake_test
[0.938s] 6: ModuleNotFoundError: No module named 'ament_cmake_test'
[0.941s] 6/6 Test #6: xmllint ..........................***Failed    0.02 sec
[0.941s] 
[0.941s] 0% tests passed[0;0m, [0;31m6 tests failed[0;0m out of 6
[0.942s] 
[0.942s] Label Time Summary:
[0.942s] copyright     =   0.03 sec*proc (1 test)
[0.942s] cppcheck      =   0.02 sec*proc (1 test)
[0.942s] cpplint       =   0.03 sec*proc (1 test)
[0.942s] lint_cmake    =   0.03 sec*proc (1 test)
[0.942s] linter        =   0.16 sec*proc (6 tests)
[0.942s] uncrustify    =   0.03 sec*proc (1 test)
[0.942s] xmllint       =   0.02 sec*proc (1 test)
[0.942s] 
[0.942s] Total Test time (real) =   0.16 sec
[0.942s] 
[0.942s] The following tests FAILED:
[0.943s] 	[0;31m  1 - copyright (Failed)[0;0m
[0.943s] 	[0;31m  2 - cppcheck (Failed)[0;0m
[0.943s] 	[0;31m  3 - cpplint (Failed)[0;0m
[0.943s] 	[0;31m  4 - lint_cmake (Failed)[0;0m
[0.943s] 	[0;31m  5 - uncrustify (Failed)[0;0m
[0.943s] 	[0;31m  6 - xmllint (Failed)[0;0m
[0.946s] Errors while running CTest
[0.946s] Output from these tests are in: /workspaces/codespace/ros2/project/tutorial/build/examples_rclcpp_minimal_subscriber/Testing/Temporary/LastTest.log
[0.946s] Use "--rerun-failed --output-on-failure" to re-run the failed cases verbosely.
[1.042s] Invoked command in '/workspaces/codespace/ros2/project/tutorial/build/examples_rclcpp_minimal_subscriber' returned '8': AMENT_PREFIX_PATH=/workspaces/codespace/ros2/project/tutorial/install/examples_rclcpp_minimal_subscriber CMAKE_PREFIX_PATH=/workspaces/codespace/ros2/project/tutorial/install/examples_rclcpp_minimal_subscriber LD_LIBRARY_PATH=/workspaces/codespace/ros2/project/tutorial/install/examples_rclcpp_minimal_subscriber/lib /usr/bin/ctest -C Release -D ExperimentalTest --no-compress-output -V --force-new-ctest-process
