[35m[1mConsolidate compiler generated dependencies of target gradient_mapping[0m
[ 50%] [32mBuilding CXX object CMakeFiles/gradient_mapping.dir/src/main.cpp.o[0m
In file included from [01m[K/usr/include/pcl/visualization/common/actor_map.h:40[m[K,
                 from [01m[K/usr/include/pcl/visualization/pcl_visualizer.h:48[m[K,
                 from [01m[K/workspaces/codespace/ros2/project/local_mapping/src/gradient_mapping/src/main.cpp:60[m[K:
[01m[K/usr/include/pcl/visualization/point_cloud_geometry_handlers.h:49:10:[m[K [01;31m[Kfatal error: [m[KvtkSmartPointer.h: No such file or directory
   49 | #include [01;31m[K<vtkSmartPointer.h>[m[K
      |          [01;31m[K^~~~~~~~~~~~~~~~~~~[m[K
compilation terminated.
gmake[2]: *** [CMakeFiles/gradient_mapping.dir/build.make:76: CMakeFiles/gradient_mapping.dir/src/main.cpp.o] Error 1
gmake[1]: *** [CMakeFiles/Makefile2:137: CMakeFiles/gradient_mapping.dir/all] Error 2
gmake: *** [Makefile:146: all] Error 2
