[0.062s] Invoking command in '/workspaces/codespace/ros2/project/local_mapping/build/gradient_mapping': CMAKE_PREFIX_PATH=${CMAKE_PREFIX_PATH}:/opt/ros/humble /usr/bin/cmake --build /workspaces/codespace/ros2/project/local_mapping/build/gradient_mapping -- -j16 -l16
[0.120s] [35m[1mConsolidate compiler generated dependencies of target gradient_mapping[0m
[0.165s] [ 50%] [32mBuilding CXX object CMakeFiles/gradient_mapping.dir/src/main.cpp.o[0m
[1.525s] In file included from [01m[K/usr/include/pcl/visualization/common/actor_map.h:40[m[K,
[1.525s]                  from [01m[K/usr/include/pcl/visualization/pcl_visualizer.h:48[m[K,
[1.525s]                  from [01m[K/workspaces/codespace/ros2/project/local_mapping/src/gradient_mapping/src/main.cpp:60[m[K:
[1.525s] [01m[K/usr/include/pcl/visualization/point_cloud_geometry_handlers.h:49:10:[m[K [01;31m[Kfatal error: [m[KvtkSmartPointer.h: No such file or directory
[1.525s]    49 | #include [01;31m[K<vtkSmartPointer.h>[m[K
[1.525s]       |          [01;31m[K^~~~~~~~~~~~~~~~~~~[m[K
[1.525s] compilation terminated.
[1.548s] gmake[2]: *** [CMakeFiles/gradient_mapping.dir/build.make:76: CMakeFiles/gradient_mapping.dir/src/main.cpp.o] Error 1
[1.548s] gmake[1]: *** [CMakeFiles/Makefile2:137: CMakeFiles/gradient_mapping.dir/all] Error 2
[1.548s] gmake: *** [Makefile:146: all] Error 2
[1.551s] Invoked command in '/workspaces/codespace/ros2/project/local_mapping/build/gradient_mapping' returned '2': CMAKE_PREFIX_PATH=${CMAKE_PREFIX_PATH}:/opt/ros/humble /usr/bin/cmake --build /workspaces/codespace/ros2/project/local_mapping/build/gradient_mapping -- -j16 -l16
