[0.767s] Invoking command in '/workspaces/codespace/ros2/project/tutorial/build/examples_rclcpp_minimal_service': AMENT_PREFIX_PATH=/workspaces/codespace/ros2/project/tutorial/install/examples_rclcpp_minimal_service CMAKE_PREFIX_PATH=/workspaces/codespace/ros2/project/tutorial/install/examples_rclcpp_minimal_service /usr/bin/ctest -C Release -D ExperimentalTest --no-compress-output -V --force-new-ctest-process
[0.853s] UpdateCTestConfiguration  from :/workspaces/codespace/ros2/project/tutorial/build/examples_rclcpp_minimal_service/CTestConfiguration.ini
[0.853s] Parse Config file:/workspaces/codespace/ros2/project/tutorial/build/examples_rclcpp_minimal_service/CTestConfiguration.ini
[0.853s]    Site: creeper5820-A7S
[0.853s]    Build name: (empty)
[0.853s]  Add coverage exclude regular expressions.
[0.853s] Create new tag: 20240313-1147 - Experimental
[0.854s] UpdateCTestConfiguration  from :/workspaces/codespace/ros2/project/tutorial/build/examples_rclcpp_minimal_service/CTestConfiguration.ini
[0.854s] Parse Config file:/workspaces/codespace/ros2/project/tutorial/build/examples_rclcpp_minimal_service/CTestConfiguration.ini
[0.854s] Test project /workspaces/codespace/ros2/project/tutorial/build/examples_rclcpp_minimal_service
[0.854s] Constructing a list of tests
[0.854s] Done constructing a list of tests
[0.854s] Updating test list for fixtures
[0.854s] Added 0 tests to meet fixture requirements
[0.854s] Checking test dependency graph...
[0.854s] Checking test dependency graph end
[0.855s] test 1
[0.855s]     Start 1: copyright
[0.855s] 
[0.855s] 1: Test command: /usr/bin/python3 "-u" "/opt/ros/humble/share/ament_cmake_test/cmake/run_test.py" "/workspaces/codespace/ros2/project/tutorial/build/examples_rclcpp_minimal_service/test_results/examples_rclcpp_minimal_service/copyright.xunit.xml" "--package-name" "examples_rclcpp_minimal_service" "--output-file" "/workspaces/codespace/ros2/project/tutorial/build/examples_rclcpp_minimal_service/ament_copyright/copyright.txt" "--command" "/opt/ros/humble/bin/ament_copyright" "--xunit-file" "/workspaces/codespace/ros2/project/tutorial/build/examples_rclcpp_minimal_service/test_results/examples_rclcpp_minimal_service/copyright.xunit.xml"
[0.855s] 1: Test timeout computed to be: 200
[0.857s] 1: Traceback (most recent call last):
[0.858s] 1:   File "/opt/ros/humble/share/ament_cmake_test/cmake/run_test.py", line 19, in <module>
[0.858s] 1:     import ament_cmake_test
[0.858s] 1: ModuleNotFoundError: No module named 'ament_cmake_test'
[0.863s] 1/6 Test #1: copyright ........................***Failed    0.03 sec
[0.864s] test 2
[0.864s]     Start 2: cppcheck
[0.864s] 
[0.864s] 2: Test command: /usr/bin/python3 "-u" "/opt/ros/humble/share/ament_cmake_test/cmake/run_test.py" "/workspaces/codespace/ros2/project/tutorial/build/examples_rclcpp_minimal_service/test_results/examples_rclcpp_minimal_service/cppcheck.xunit.xml" "--package-name" "examples_rclcpp_minimal_service" "--output-file" "/workspaces/codespace/ros2/project/tutorial/build/examples_rclcpp_minimal_service/ament_cppcheck/cppcheck.txt" "--command" "/opt/ros/humble/bin/ament_cppcheck" "--xunit-file" "/workspaces/codespace/ros2/project/tutorial/build/examples_rclcpp_minimal_service/test_results/examples_rclcpp_minimal_service/cppcheck.xunit.xml"
[0.864s] 2: Test timeout computed to be: 300
[0.871s] 2: Traceback (most recent call last):
[0.871s] 2:   File "/opt/ros/humble/share/ament_cmake_test/cmake/run_test.py", line 19, in <module>
[0.888s] 2:     import ament_cmake_test
[0.888s] 2: ModuleNotFoundError: No module named 'ament_cmake_test'
[0.892s] 2/6 Test #2: cppcheck .........................***Failed    0.02 sec
[0.892s] test 3
[0.892s]     Start 3: cpplint
[0.892s] 
[0.892s] 3: Test command: /usr/bin/python3 "-u" "/opt/ros/humble/share/ament_cmake_test/cmake/run_test.py" "/workspaces/codespace/ros2/project/tutorial/build/examples_rclcpp_minimal_service/test_results/examples_rclcpp_minimal_service/cpplint.xunit.xml" "--package-name" "examples_rclcpp_minimal_service" "--output-file" "/workspaces/codespace/ros2/project/tutorial/build/examples_rclcpp_minimal_service/ament_cpplint/cpplint.txt" "--command" "/opt/ros/humble/bin/ament_cpplint" "--xunit-file" "/workspaces/codespace/ros2/project/tutorial/build/examples_rclcpp_minimal_service/test_results/examples_rclcpp_minimal_service/cpplint.xunit.xml"
[0.892s] 3: Test timeout computed to be: 120
[0.907s] 3: Traceback (most recent call last):
[0.907s] 3:   File "/opt/ros/humble/share/ament_cmake_test/cmake/run_test.py", line 19, in <module>
[0.907s] 3:     import ament_cmake_test
[0.909s] 3: ModuleNotFoundError: No module named 'ament_cmake_test'
[0.911s] 3/6 Test #3: cpplint ..........................***Failed    0.03 sec
[0.911s] test 4
[0.911s]     Start 4: lint_cmake
[0.911s] 
[0.911s] 4: Test command: /usr/bin/python3 "-u" "/opt/ros/humble/share/ament_cmake_test/cmake/run_test.py" "/workspaces/codespace/ros2/project/tutorial/build/examples_rclcpp_minimal_service/test_results/examples_rclcpp_minimal_service/lint_cmake.xunit.xml" "--package-name" "examples_rclcpp_minimal_service" "--output-file" "/workspaces/codespace/ros2/project/tutorial/build/examples_rclcpp_minimal_service/ament_lint_cmake/lint_cmake.txt" "--command" "/opt/ros/humble/bin/ament_lint_cmake" "--xunit-file" "/workspaces/codespace/ros2/project/tutorial/build/examples_rclcpp_minimal_service/test_results/examples_rclcpp_minimal_service/lint_cmake.xunit.xml"
[0.912s] 4: Test timeout computed to be: 60
[0.925s] 4: Traceback (most recent call last):
[0.925s] 4:   File "/opt/ros/humble/share/ament_cmake_test/cmake/run_test.py", line 19, in <module>
[0.925s] 4:     import ament_cmake_test
[0.925s] 4: ModuleNotFoundError: No module named 'ament_cmake_test'
[0.928s] 4/6 Test #4: lint_cmake .......................***Failed    0.04 sec
[0.928s] test 5
[0.928s]     Start 5: uncrustify
[0.928s] 
[0.928s] 5: Test command: /usr/bin/python3 "-u" "/opt/ros/humble/share/ament_cmake_test/cmake/run_test.py" "/workspaces/codespace/ros2/project/tutorial/build/examples_rclcpp_minimal_service/test_results/examples_rclcpp_minimal_service/uncrustify.xunit.xml" "--package-name" "examples_rclcpp_minimal_service" "--output-file" "/workspaces/codespace/ros2/project/tutorial/build/examples_rclcpp_minimal_service/ament_uncrustify/uncrustify.txt" "--command" "/opt/ros/humble/bin/ament_uncrustify" "--xunit-file" "/workspaces/codespace/ros2/project/tutorial/build/examples_rclcpp_minimal_service/test_results/examples_rclcpp_minimal_service/uncrustify.xunit.xml"
[0.929s] 5: Test timeout computed to be: 60
[0.936s] 5: Traceback (most recent call last):
[0.936s] 5:   File "/opt/ros/humble/share/ament_cmake_test/cmake/run_test.py", line 19, in <module>
[0.936s] 5:     import ament_cmake_test
[0.936s] 5: ModuleNotFoundError: No module named 'ament_cmake_test'
[0.937s] 5/6 Test #5: uncrustify .......................***Failed    0.03 sec
[0.937s] test 6
[0.937s]     Start 6: xmllint
[0.937s] 
[0.937s] 6: Test command: /usr/bin/python3 "-u" "/opt/ros/humble/share/ament_cmake_test/cmake/run_test.py" "/workspaces/codespace/ros2/project/tutorial/build/examples_rclcpp_minimal_service/test_results/examples_rclcpp_minimal_service/xmllint.xunit.xml" "--package-name" "examples_rclcpp_minimal_service" "--output-file" "/workspaces/codespace/ros2/project/tutorial/build/examples_rclcpp_minimal_service/ament_xmllint/xmllint.txt" "--command" "/opt/ros/humble/bin/ament_xmllint" "--xunit-file" "/workspaces/codespace/ros2/project/tutorial/build/examples_rclcpp_minimal_service/test_results/examples_rclcpp_minimal_service/xmllint.xunit.xml"
[0.938s] 6: Test timeout computed to be: 60
[0.956s] 6: Traceback (most recent call last):
[0.956s] 6:   File "/opt/ros/humble/share/ament_cmake_test/cmake/run_test.py", line 19, in <module>
[0.956s] 6:     import ament_cmake_test
[0.956s] 6: ModuleNotFoundError: No module named 'ament_cmake_test'
[0.957s] 6/6 Test #6: xmllint ..........................***Failed    0.02 sec
[0.957s] 
[0.957s] 0% tests passed[0;0m, [0;31m6 tests failed[0;0m out of 6
[0.957s] 
[0.957s] Label Time Summary:
[0.957s] copyright     =   0.03 sec*proc (1 test)
[0.957s] cppcheck      =   0.02 sec*proc (1 test)
[0.958s] cpplint       =   0.03 sec*proc (1 test)
[0.958s] lint_cmake    =   0.04 sec*proc (1 test)
[0.958s] linter        =   0.16 sec*proc (6 tests)
[0.958s] uncrustify    =   0.03 sec*proc (1 test)
[0.958s] xmllint       =   0.02 sec*proc (1 test)
[0.958s] 
[0.958s] Total Test time (real) =   0.17 sec
[0.958s] 
[0.958s] The following tests FAILED:
[0.958s] 	[0;31m  1 - copyright (Failed)[0;0m
[0.959s] 	[0;31m  2 - cppcheck (Failed)[0;0m
[0.959s] 	[0;31m  3 - cpplint (Failed)[0;0m
[0.959s] 	[0;31m  4 - lint_cmake (Failed)[0;0m
[0.959s] 	[0;31m  5 - uncrustify (Failed)[0;0m
[0.959s] 	[0;31m  6 - xmllint (Failed)[0;0m
[0.959s] Errors while running CTest
[0.959s] Output from these tests are in: /workspaces/codespace/ros2/project/tutorial/build/examples_rclcpp_minimal_service/Testing/Temporary/LastTest.log
[0.959s] Use "--rerun-failed --output-on-failure" to re-run the failed cases verbosely.
[1.054s] Invoked command in '/workspaces/codespace/ros2/project/tutorial/build/examples_rclcpp_minimal_service' returned '8': AMENT_PREFIX_PATH=/workspaces/codespace/ros2/project/tutorial/install/examples_rclcpp_minimal_service CMAKE_PREFIX_PATH=/workspaces/codespace/ros2/project/tutorial/install/examples_rclcpp_minimal_service /usr/bin/ctest -C Release -D ExperimentalTest --no-compress-output -V --force-new-ctest-process
